<?xml version="1.0" encoding="UTF-8"?>
<!-- Generated by org.testng.reporters.JUnitXMLReporter -->
<testsuite ignored="0" hostname="DESKTOP-N7LAB1L" failures="0" tests="10" name="firefox test" time="0.437" errors="0" timestamp="2022-08-06T02:23:43 IST">
  <testcase classname="com.sauceDemo.TestCasses.TestBaseClass" name="@BeforeMethod setUp" time="0.106">
    <failure type="java.lang.IllegalStateException" message="The driver executable must exist: C:\Users\Admin\eclipse-workspace\Basic JavaProgram\SauceDemoProject\.\DriverFolder\geckodriver.exe">
      <![CDATA[java.lang.IllegalStateException: The driver executable must exist: C:\Users\Admin\eclipse-workspace\Basic JavaProgram\SauceDemoProject\.\DriverFolder\geckodriver.exe
at org.openqa.selenium.internal.Require$FileStateChecker.isFile(Require.java:342)
at org.openqa.selenium.remote.service.DriverService.checkExecutable(DriverService.java:147)
at org.openqa.selenium.remote.service.DriverService.findExecutable(DriverService.java:142)
at org.openqa.selenium.firefox.GeckoDriverService.access$100(GeckoDriverService.java:45)
at org.openqa.selenium.firefox.GeckoDriverService$Builder.findDefaultExecutable(GeckoDriverService.java:181)
at org.openqa.selenium.remote.service.DriverService$Builder.build(DriverService.java:437)
at org.openqa.selenium.firefox.GeckoDriverService.createDefaultService(GeckoDriverService.java:94)
at org.openqa.selenium.firefox.FirefoxDriver.<init>(FirefoxDriver.java:98)
at org.openqa.selenium.firefox.FirefoxDriver.<init>(FirefoxDriver.java:94)
at com.sauceDemo.TestCasses.TestBaseClass.setUp(TestBaseClass.java:41)
at java.base/java.util.ArrayList.forEach(ArrayList.java:1511)
... Removed 31 stack frames]]>
    </failure>
  </testcase> <!-- @BeforeMethod setUp -->
  <testcase classname="com.sauceDemo.TestCasses.TestBaseClass" name="@AfterMethod tearDown" time="-1.659732822856E9">
    <skipped/>
  </testcase> <!-- @AfterMethod tearDown -->
  <testcase classname="com.sauceDemo.TestCasses.TestBaseClass" name="@BeforeMethod setUp" time="0.008">
    <failure type="java.lang.IllegalStateException" message="The driver executable must exist: C:\Users\Admin\eclipse-workspace\Basic JavaProgram\SauceDemoProject\.\DriverFolder\geckodriver.exe">
      <![CDATA[java.lang.IllegalStateException: The driver executable must exist: C:\Users\Admin\eclipse-workspace\Basic JavaProgram\SauceDemoProject\.\DriverFolder\geckodriver.exe
at org.openqa.selenium.internal.Require$FileStateChecker.isFile(Require.java:342)
at org.openqa.selenium.remote.service.DriverService.checkExecutable(DriverService.java:147)
at org.openqa.selenium.remote.service.DriverService.findExecutable(DriverService.java:142)
at org.openqa.selenium.firefox.GeckoDriverService.access$100(GeckoDriverService.java:45)
at org.openqa.selenium.firefox.GeckoDriverService$Builder.findDefaultExecutable(GeckoDriverService.java:181)
at org.openqa.selenium.remote.service.DriverService$Builder.build(DriverService.java:437)
at org.openqa.selenium.firefox.GeckoDriverService.createDefaultService(GeckoDriverService.java:94)
at org.openqa.selenium.firefox.FirefoxDriver.<init>(FirefoxDriver.java:98)
at org.openqa.selenium.firefox.FirefoxDriver.<init>(FirefoxDriver.java:94)
at com.sauceDemo.TestCasses.TestBaseClass.setUp(TestBaseClass.java:41)
at java.base/java.util.ArrayList.forEach(ArrayList.java:1511)
... Removed 31 stack frames]]>
    </failure>
  </testcase> <!-- @BeforeMethod setUp -->
  <testcase classname="com.sauceDemo.TestCasses.TestBaseClass" name="@AfterMethod tearDown" time="-1.659732822879E9">
    <skipped/>
  </testcase> <!-- @AfterMethod tearDown -->
  <testcase classname="com.sauceDemo.TestCasses.TestBaseClass" name="@BeforeMethod setUp" time="0.026">
    <failure type="java.lang.IllegalStateException" message="The driver executable must exist: C:\Users\Admin\eclipse-workspace\Basic JavaProgram\SauceDemoProject\.\DriverFolder\geckodriver.exe">
      <![CDATA[java.lang.IllegalStateException: The driver executable must exist: C:\Users\Admin\eclipse-workspace\Basic JavaProgram\SauceDemoProject\.\DriverFolder\geckodriver.exe
at org.openqa.selenium.internal.Require$FileStateChecker.isFile(Require.java:342)
at org.openqa.selenium.remote.service.DriverService.checkExecutable(DriverService.java:147)
at org.openqa.selenium.remote.service.DriverService.findExecutable(DriverService.java:142)
at org.openqa.selenium.firefox.GeckoDriverService.access$100(GeckoDriverService.java:45)
at org.openqa.selenium.firefox.GeckoDriverService$Builder.findDefaultExecutable(GeckoDriverService.java:181)
at org.openqa.selenium.remote.service.DriverService$Builder.build(DriverService.java:437)
at org.openqa.selenium.firefox.GeckoDriverService.createDefaultService(GeckoDriverService.java:94)
at org.openqa.selenium.firefox.FirefoxDriver.<init>(FirefoxDriver.java:98)
at org.openqa.selenium.firefox.FirefoxDriver.<init>(FirefoxDriver.java:94)
at com.sauceDemo.TestCasses.TestBaseClass.setUp(TestBaseClass.java:41)
at java.base/java.util.ArrayList.forEach(ArrayList.java:1511)
... Removed 31 stack frames]]>
    </failure>
  </testcase> <!-- @BeforeMethod setUp -->
  <testcase classname="com.sauceDemo.TestCasses.TestBaseClass" name="@AfterMethod tearDown" time="-1.659732822925E9">
    <skipped/>
  </testcase> <!-- @AfterMethod tearDown -->
  <testcase classname="com.sauceDemo.TestCasses.TestBaseClass" name="@BeforeMethod setUp" time="0.01">
    <failure type="java.lang.IllegalStateException" message="The driver executable must exist: C:\Users\Admin\eclipse-workspace\Basic JavaProgram\SauceDemoProject\.\DriverFolder\geckodriver.exe">
      <![CDATA[java.lang.IllegalStateException: The driver executable must exist: C:\Users\Admin\eclipse-workspace\Basic JavaProgram\SauceDemoProject\.\DriverFolder\geckodriver.exe
at org.openqa.selenium.internal.Require$FileStateChecker.isFile(Require.java:342)
at org.openqa.selenium.remote.service.DriverService.checkExecutable(DriverService.java:147)
at org.openqa.selenium.remote.service.DriverService.findExecutable(DriverService.java:142)
at org.openqa.selenium.firefox.GeckoDriverService.access$100(GeckoDriverService.java:45)
at org.openqa.selenium.firefox.GeckoDriverService$Builder.findDefaultExecutable(GeckoDriverService.java:181)
at org.openqa.selenium.remote.service.DriverService$Builder.build(DriverService.java:437)
at org.openqa.selenium.firefox.GeckoDriverService.createDefaultService(GeckoDriverService.java:94)
at org.openqa.selenium.firefox.FirefoxDriver.<init>(FirefoxDriver.java:98)
at org.openqa.selenium.firefox.FirefoxDriver.<init>(FirefoxDriver.java:94)
at com.sauceDemo.TestCasses.TestBaseClass.setUp(TestBaseClass.java:41)
at java.base/java.util.ArrayList.forEach(ArrayList.java:1511)
... Removed 31 stack frames]]>
    </failure>
  </testcase> <!-- @BeforeMethod setUp -->
  <testcase classname="com.sauceDemo.TestCasses.TestBaseClass" name="@AfterMethod tearDown" time="-1.659732822947E9">
    <skipped/>
  </testcase> <!-- @AfterMethod tearDown -->
  <testcase classname="com.sauceDemo.TestCasses.TestBaseClass" name="@BeforeMethod setUp" time="0.013">
    <failure type="java.lang.IllegalStateException" message="The driver executable must exist: C:\Users\Admin\eclipse-workspace\Basic JavaProgram\SauceDemoProject\.\DriverFolder\geckodriver.exe">
      <![CDATA[java.lang.IllegalStateException: The driver executable must exist: C:\Users\Admin\eclipse-workspace\Basic JavaProgram\SauceDemoProject\.\DriverFolder\geckodriver.exe
at org.openqa.selenium.internal.Require$FileStateChecker.isFile(Require.java:342)
at org.openqa.selenium.remote.service.DriverService.checkExecutable(DriverService.java:147)
at org.openqa.selenium.remote.service.DriverService.findExecutable(DriverService.java:142)
at org.openqa.selenium.firefox.GeckoDriverService.access$100(GeckoDriverService.java:45)
at org.openqa.selenium.firefox.GeckoDriverService$Builder.findDefaultExecutable(GeckoDriverService.java:181)
at org.openqa.selenium.remote.service.DriverService$Builder.build(DriverService.java:437)
at org.openqa.selenium.firefox.GeckoDriverService.createDefaultService(GeckoDriverService.java:94)
at org.openqa.selenium.firefox.FirefoxDriver.<init>(FirefoxDriver.java:98)
at org.openqa.selenium.firefox.FirefoxDriver.<init>(FirefoxDriver.java:94)
at com.sauceDemo.TestCasses.TestBaseClass.setUp(TestBaseClass.java:41)
at java.base/java.util.ArrayList.forEach(ArrayList.java:1511)
... Removed 31 stack frames]]>
    </failure>
  </testcase> <!-- @BeforeMethod setUp -->
  <testcase classname="com.sauceDemo.TestCasses.TestBaseClass" name="@AfterMethod tearDown" time="-1.659732822987E9">
    <skipped/>
  </testcase> <!-- @AfterMethod tearDown -->
  <testcase classname="com.sauceDemo.TestCasses.TestBaseClass" name="@BeforeMethod setUp" time="0.033">
    <failure type="java.lang.IllegalStateException" message="The driver executable must exist: C:\Users\Admin\eclipse-workspace\Basic JavaProgram\SauceDemoProject\.\DriverFolder\geckodriver.exe">
      <![CDATA[java.lang.IllegalStateException: The driver executable must exist: C:\Users\Admin\eclipse-workspace\Basic JavaProgram\SauceDemoProject\.\DriverFolder\geckodriver.exe
at org.openqa.selenium.internal.Require$FileStateChecker.isFile(Require.java:342)
at org.openqa.selenium.remote.service.DriverService.checkExecutable(DriverService.java:147)
at org.openqa.selenium.remote.service.DriverService.findExecutable(DriverService.java:142)
at org.openqa.selenium.firefox.GeckoDriverService.access$100(GeckoDriverService.java:45)
at org.openqa.selenium.firefox.GeckoDriverService$Builder.findDefaultExecutable(GeckoDriverService.java:181)
at org.openqa.selenium.remote.service.DriverService$Builder.build(DriverService.java:437)
at org.openqa.selenium.firefox.GeckoDriverService.createDefaultService(GeckoDriverService.java:94)
at org.openqa.selenium.firefox.FirefoxDriver.<init>(FirefoxDriver.java:98)
at org.openqa.selenium.firefox.FirefoxDriver.<init>(FirefoxDriver.java:94)
at com.sauceDemo.TestCasses.TestBaseClass.setUp(TestBaseClass.java:41)
at java.base/java.util.ArrayList.forEach(ArrayList.java:1511)
... Removed 31 stack frames]]>
    </failure>
  </testcase> <!-- @BeforeMethod setUp -->
  <testcase classname="com.sauceDemo.TestCasses.TestBaseClass" name="@AfterMethod tearDown" time="-1.659732823047E9">
    <skipped/>
  </testcase> <!-- @AfterMethod tearDown -->
  <testcase classname="com.sauceDemo.TestCasses.TestBaseClass" name="@BeforeMethod setUp" time="0.016">
    <failure type="java.lang.IllegalStateException" message="The driver executable must exist: C:\Users\Admin\eclipse-workspace\Basic JavaProgram\SauceDemoProject\.\DriverFolder\geckodriver.exe">
      <![CDATA[java.lang.IllegalStateException: The driver executable must exist: C:\Users\Admin\eclipse-workspace\Basic JavaProgram\SauceDemoProject\.\DriverFolder\geckodriver.exe
at org.openqa.selenium.internal.Require$FileStateChecker.isFile(Require.java:342)
at org.openqa.selenium.remote.service.DriverService.checkExecutable(DriverService.java:147)
at org.openqa.selenium.remote.service.DriverService.findExecutable(DriverService.java:142)
at org.openqa.selenium.firefox.GeckoDriverService.access$100(GeckoDriverService.java:45)
at org.openqa.selenium.firefox.GeckoDriverService$Builder.findDefaultExecutable(GeckoDriverService.java:181)
at org.openqa.selenium.remote.service.DriverService$Builder.build(DriverService.java:437)
at org.openqa.selenium.firefox.GeckoDriverService.createDefaultService(GeckoDriverService.java:94)
at org.openqa.selenium.firefox.FirefoxDriver.<init>(FirefoxDriver.java:98)
at org.openqa.selenium.firefox.FirefoxDriver.<init>(FirefoxDriver.java:94)
at com.sauceDemo.TestCasses.TestBaseClass.setUp(TestBaseClass.java:41)
at java.base/java.util.ArrayList.forEach(ArrayList.java:1511)
... Removed 30 stack frames]]>
    </failure>
  </testcase> <!-- @BeforeMethod setUp -->
  <testcase classname="com.sauceDemo.TestCasses.TestBaseClass" name="@AfterMethod tearDown" time="-1.659732823083E9">
    <skipped/>
  </testcase> <!-- @AfterMethod tearDown -->
  <testcase classname="com.sauceDemo.TestCasses.TestBaseClass" name="@BeforeMethod setUp" time="0.026">
    <failure type="java.lang.IllegalStateException" message="The driver executable must exist: C:\Users\Admin\eclipse-workspace\Basic JavaProgram\SauceDemoProject\.\DriverFolder\geckodriver.exe">
      <![CDATA[java.lang.IllegalStateException: The driver executable must exist: C:\Users\Admin\eclipse-workspace\Basic JavaProgram\SauceDemoProject\.\DriverFolder\geckodriver.exe
at org.openqa.selenium.internal.Require$FileStateChecker.isFile(Require.java:342)
at org.openqa.selenium.remote.service.DriverService.checkExecutable(DriverService.java:147)
at org.openqa.selenium.remote.service.DriverService.findExecutable(DriverService.java:142)
at org.openqa.selenium.firefox.GeckoDriverService.access$100(GeckoDriverService.java:45)
at org.openqa.selenium.firefox.GeckoDriverService$Builder.findDefaultExecutable(GeckoDriverService.java:181)
at org.openqa.selenium.remote.service.DriverService$Builder.build(DriverService.java:437)
at org.openqa.selenium.firefox.GeckoDriverService.createDefaultService(GeckoDriverService.java:94)
at org.openqa.selenium.firefox.FirefoxDriver.<init>(FirefoxDriver.java:98)
at org.openqa.selenium.firefox.FirefoxDriver.<init>(FirefoxDriver.java:94)
at com.sauceDemo.TestCasses.TestBaseClass.setUp(TestBaseClass.java:41)
at java.base/java.util.ArrayList.forEach(ArrayList.java:1511)
... Removed 30 stack frames]]>
    </failure>
  </testcase> <!-- @BeforeMethod setUp -->
  <testcase classname="com.sauceDemo.TestCasses.TestBaseClass" name="@AfterMethod tearDown" time="-1.659732823121E9">
    <skipped/>
  </testcase> <!-- @AfterMethod tearDown -->
  <testcase classname="com.sauceDemo.TestCasses.TestBaseClass" name="@BeforeMethod setUp" time="0.011">
    <failure type="java.lang.IllegalStateException" message="The driver executable must exist: C:\Users\Admin\eclipse-workspace\Basic JavaProgram\SauceDemoProject\.\DriverFolder\geckodriver.exe">
      <![CDATA[java.lang.IllegalStateException: The driver executable must exist: C:\Users\Admin\eclipse-workspace\Basic JavaProgram\SauceDemoProject\.\DriverFolder\geckodriver.exe
at org.openqa.selenium.internal.Require$FileStateChecker.isFile(Require.java:342)
at org.openqa.selenium.remote.service.DriverService.checkExecutable(DriverService.java:147)
at org.openqa.selenium.remote.service.DriverService.findExecutable(DriverService.java:142)
at org.openqa.selenium.firefox.GeckoDriverService.access$100(GeckoDriverService.java:45)
at org.openqa.selenium.firefox.GeckoDriverService$Builder.findDefaultExecutable(GeckoDriverService.java:181)
at org.openqa.selenium.remote.service.DriverService$Builder.build(DriverService.java:437)
at org.openqa.selenium.firefox.GeckoDriverService.createDefaultService(GeckoDriverService.java:94)
at org.openqa.selenium.firefox.FirefoxDriver.<init>(FirefoxDriver.java:98)
at org.openqa.selenium.firefox.FirefoxDriver.<init>(FirefoxDriver.java:94)
at com.sauceDemo.TestCasses.TestBaseClass.setUp(TestBaseClass.java:41)
at java.base/java.util.ArrayList.forEach(ArrayList.java:1511)
... Removed 30 stack frames]]>
    </failure>
  </testcase> <!-- @BeforeMethod setUp -->
  <testcase classname="com.sauceDemo.TestCasses.TestBaseClass" name="@AfterMethod tearDown" time="-1.659732823145E9">
    <skipped/>
  </testcase> <!-- @AfterMethod tearDown -->
  <testcase classname="com.sauceDemo.TestCasses.TestBaseClass" name="@BeforeMethod setUp" time="0.012">
    <failure type="java.lang.IllegalStateException" message="The driver executable must exist: C:\Users\Admin\eclipse-workspace\Basic JavaProgram\SauceDemoProject\.\DriverFolder\geckodriver.exe">
      <![CDATA[java.lang.IllegalStateException: The driver executable must exist: C:\Users\Admin\eclipse-workspace\Basic JavaProgram\SauceDemoProject\.\DriverFolder\geckodriver.exe
at org.openqa.selenium.internal.Require$FileStateChecker.isFile(Require.java:342)
at org.openqa.selenium.remote.service.DriverService.checkExecutable(DriverService.java:147)
at org.openqa.selenium.remote.service.DriverService.findExecutable(DriverService.java:142)
at org.openqa.selenium.firefox.GeckoDriverService.access$100(GeckoDriverService.java:45)
at org.openqa.selenium.firefox.GeckoDriverService$Builder.findDefaultExecutable(GeckoDriverService.java:181)
at org.openqa.selenium.remote.service.DriverService$Builder.build(DriverService.java:437)
at org.openqa.selenium.firefox.GeckoDriverService.createDefaultService(GeckoDriverService.java:94)
at org.openqa.selenium.firefox.FirefoxDriver.<init>(FirefoxDriver.java:98)
at org.openqa.selenium.firefox.FirefoxDriver.<init>(FirefoxDriver.java:94)
at com.sauceDemo.TestCasses.TestBaseClass.setUp(TestBaseClass.java:41)
at java.base/java.util.ArrayList.forEach(ArrayList.java:1511)
... Removed 30 stack frames]]>
    </failure>
  </testcase> <!-- @BeforeMethod setUp -->
  <testcase classname="com.sauceDemo.TestCasses.TestBaseClass" name="@AfterMethod tearDown" time="-1.65973282317E9">
    <skipped/>
  </testcase> <!-- @AfterMethod tearDown -->
  <testcase classname="com.sauceDemo.TestCasses.TC_001_VerifyLoginFunctionality" name="logInFunctionality" time="0.0">
    <skipped/>
  </testcase> <!-- logInFunctionality -->
  <testcase classname="com.sauceDemo.TestCasses.TC_002_VerifyLogOutFunctionality" name="logoutFunctionality" time="0.0">
    <skipped/>
  </testcase> <!-- logoutFunctionality -->
  <testcase classname="com.sauceDemo.TestCasses.TC_003_VerifySelectTheProduct" name="addToCartSingleProduct" time="0.0">
    <skipped/>
  </testcase> <!-- addToCartSingleProduct -->
  <testcase classname="com.sauceDemo.TestCasses.TC_004_VerifyFilterFunctionality" name="filterFunctionality" time="0.0">
    <skipped/>
  </testcase> <!-- filterFunctionality -->
  <testcase classname="com.sauceDemo.TestCasses.TC_005VerifyAboutFunctionality" name="aboutFunctionality" time="0.0">
    <skipped/>
  </testcase> <!-- aboutFunctionality -->
  <testcase classname="com.sauceDemo.TestCasses.TC_006_CheckOutFunctinality" name="addTocartFunctionality" time="0.0">
    <skipped/>
  </testcase> <!-- addTocartFunctionality -->
  <testcase classname="com.sauceDemo.TestCasses.TC_007_VerifyToBuysingleProduct" name="singleProductBayFunctionality" time="0.0">
    <skipped/>
  </testcase> <!-- singleProductBayFunctionality -->
  <testcase classname="com.sauceDemo.TestCasses.TC_008_VerifyToBayMultipleProduct" name="multipleProductSelect" time="0.0">
    <skipped/>
  </testcase> <!-- multipleProductSelect -->
  <testcase classname="com.sauceDemo.TestCasses.TC_009_VerifyBagPachDetaisPageInfo" name="verifyBagProductInfo" time="0.0">
    <skipped/>
  </testcase> <!-- verifyBagProductInfo -->
  <testcase classname="com.sauceDemo.TestCasses.TC_010_VerifythePriceOfBikeLighOnYourCartPage" name="verifyPriceOfBikeLightOnYourCartPage" time="0.0">
    <skipped/>
  </testcase> <!-- verifyPriceOfBikeLightOnYourCartPage -->
</testsuite> <!-- firefox test -->
