<!DOCTYPE html PUBLIC "-//W3C//DTD XHTML 1.1//EN" "https://www.w3.org/TR/xhtml11/DTD/xhtml11.dtd">
<html xmlns="https://www.w3.org/1999/xhtml">
<head>
<meta http-equiv="content-type" content="text/html; charset=UTF-8"/>
<title>TestNG Report</title>
<style type="text/css">table {margin-bottom:10px;border-collapse:collapse;empty-cells:show}th,td {border:1px solid #009;padding:.25em .5em}th {vertical-align:bottom}td {vertical-align:top}table a {font-weight:bold}.stripe td {background-color: #E6EBF9}.num {text-align:right}.passedodd td {background-color: #3F3}.passedeven td {background-color: #0A0}.skippedodd td {background-color: #DDD}.skippedeven td {background-color: #CCC}.failedodd td,.attn {background-color: #F33}.failedeven td,.stripe .attn {background-color: #D00}.stacktrace {white-space:pre;font-family:monospace}.totop {font-size:85%;text-align:center;border-bottom:2px solid #000}.invisible {display:none}</style>
</head>
<body>
<table>
<tr><th>Test</th><th># Passed</th><th># Skipped</th><th># Retried</th><th># Failed</th><th>Time (ms)</th><th>Included Groups</th><th>Excluded Groups</th></tr>
<tr><th colspan="8">Cross Browser Suit</th></tr>
<tr><td><a href="#t0">chrome test</a></td><td class="num">0</td><td class="num attn">10</td><td class="num">0</td><td class="num">0</td><td class="num">910</td><td></td><td></td></tr>
<tr class="stripe"><td><a href="#t1">firefox test</a></td><td class="num">0</td><td class="num attn">10</td><td class="num">0</td><td class="num">0</td><td class="num">437</td><td></td><td></td></tr>
<tr><th>Total</th><th class="num">0</th><th class="num attn">20</th><th class="num">0</th><th class="num">0</th><th class="num">1,347</th><th colspan="2"></th></tr>
</table>
<table id='summary'><thead><tr><th>Class</th><th>Method</th><th>Start</th><th>Time (ms)</th></tr></thead><tbody><tr><th colspan="4">Cross Browser Suit</th></tr></tbody><tbody id="t0"><tr><th colspan="4">chrome test &#8212; failed (configuration methods)</th></tr><tr class="failedeven"><td rowspan="1">com.sauceDemo.TestCasses.TC_001_VerifyLoginFunctionality</td><td><a href="#m0">setUp</a></td><td rowspan="1">1659732821481</td><td rowspan="1">297</td></tr><tr class="failedodd"><td rowspan="1">com.sauceDemo.TestCasses.TC_002_VerifyLogOutFunctionality</td><td><a href="#m1">setUp</a></td><td rowspan="1">1659732821914</td><td rowspan="1">13</td></tr><tr class="failedeven"><td rowspan="1">com.sauceDemo.TestCasses.TC_003_VerifySelectTheProduct</td><td><a href="#m2">setUp</a></td><td rowspan="1">1659732821988</td><td rowspan="1">10</td></tr><tr class="failedodd"><td rowspan="1">com.sauceDemo.TestCasses.TC_004_VerifyFilterFunctionality</td><td><a href="#m3">setUp</a></td><td rowspan="1">1659732822035</td><td rowspan="1">7</td></tr><tr class="failedeven"><td rowspan="1">com.sauceDemo.TestCasses.TC_005VerifyAboutFunctionality</td><td><a href="#m4">setUp</a></td><td rowspan="1">1659732822058</td><td rowspan="1">12</td></tr><tr class="failedodd"><td rowspan="1">com.sauceDemo.TestCasses.TC_006_CheckOutFunctinality</td><td><a href="#m5">setUp</a></td><td rowspan="1">1659732822107</td><td rowspan="1">10</td></tr><tr class="failedeven"><td rowspan="1">com.sauceDemo.TestCasses.TC_007_VerifyToBuysingleProduct</td><td><a href="#m6">setUp</a></td><td rowspan="1">1659732822137</td><td rowspan="1">12</td></tr><tr class="failedodd"><td rowspan="1">com.sauceDemo.TestCasses.TC_008_VerifyToBayMultipleProduct</td><td><a href="#m7">setUp</a></td><td rowspan="1">1659732822164</td><td rowspan="1">11</td></tr><tr class="failedeven"><td rowspan="1">com.sauceDemo.TestCasses.TC_009_VerifyBagPachDetaisPageInfo</td><td><a href="#m8">setUp</a></td><td rowspan="1">1659732822208</td><td rowspan="1">15</td></tr><tr class="failedodd"><td rowspan="1">com.sauceDemo.TestCasses.TC_010_VerifythePriceOfBikeLighOnYourCartPage</td><td><a href="#m9">setUp</a></td><td rowspan="1">1659732822257</td><td rowspan="1">12</td></tr><tr><th colspan="4">chrome test &#8212; skipped (configuration methods)</th></tr><tr class="skippedeven"><td rowspan="1">com.sauceDemo.TestCasses.TC_001_VerifyLoginFunctionality</td><td><a href="#m10">tearDown</a></td><td rowspan="1">1659732821861</td><td rowspan="1">-1659732821861</td></tr><tr class="skippedodd"><td rowspan="1">com.sauceDemo.TestCasses.TC_002_VerifyLogOutFunctionality</td><td><a href="#m11">tearDown</a></td><td rowspan="1">1659732821983</td><td rowspan="1">-1659732821983</td></tr><tr class="skippedeven"><td rowspan="1">com.sauceDemo.TestCasses.TC_003_VerifySelectTheProduct</td><td><a href="#m12">tearDown</a></td><td rowspan="1">1659732822027</td><td rowspan="1">-1659732822027</td></tr><tr class="skippedodd"><td rowspan="1">com.sauceDemo.TestCasses.TC_004_VerifyFilterFunctionality</td><td><a href="#m13">tearDown</a></td><td rowspan="1">1659732822054</td><td rowspan="1">-1659732822054</td></tr><tr class="skippedeven"><td rowspan="1">com.sauceDemo.TestCasses.TC_005VerifyAboutFunctionality</td><td><a href="#m14">tearDown</a></td><td rowspan="1">1659732822101</td><td rowspan="1">-1659732822101</td></tr><tr class="skippedodd"><td rowspan="1">com.sauceDemo.TestCasses.TC_006_CheckOutFunctinality</td><td><a href="#m15">tearDown</a></td><td rowspan="1">1659732822133</td><td rowspan="1">-1659732822133</td></tr><tr class="skippedeven"><td rowspan="1">com.sauceDemo.TestCasses.TC_007_VerifyToBuysingleProduct</td><td><a href="#m16">tearDown</a></td><td rowspan="1">1659732822161</td><td rowspan="1">-1659732822161</td></tr><tr class="skippedodd"><td rowspan="1">com.sauceDemo.TestCasses.TC_008_VerifyToBayMultipleProduct</td><td><a href="#m17">tearDown</a></td><td rowspan="1">1659732822185</td><td rowspan="1">-1659732822185</td></tr><tr class="skippedeven"><td rowspan="1">com.sauceDemo.TestCasses.TC_009_VerifyBagPachDetaisPageInfo</td><td><a href="#m18">tearDown</a></td><td rowspan="1">1659732822254</td><td rowspan="1">-1659732822254</td></tr><tr class="skippedodd"><td rowspan="1">com.sauceDemo.TestCasses.TC_010_VerifythePriceOfBikeLighOnYourCartPage</td><td><a href="#m19">tearDown</a></td><td rowspan="1">1659732822277</td><td rowspan="1">-1659732822277</td></tr><tr><th colspan="4">chrome test &#8212; skipped</th></tr><tr class="skippedeven"><td rowspan="1">com.sauceDemo.TestCasses.TC_001_VerifyLoginFunctionality</td><td><a href="#m20">logInFunctionality</a></td><td rowspan="1">1659732821842</td><td rowspan="1">0</td></tr><tr class="skippedodd"><td rowspan="1">com.sauceDemo.TestCasses.TC_002_VerifyLogOutFunctionality</td><td><a href="#m21">logoutFunctionality</a></td><td rowspan="1">1659732821939</td><td rowspan="1">0</td></tr><tr class="skippedeven"><td rowspan="1">com.sauceDemo.TestCasses.TC_003_VerifySelectTheProduct</td><td><a href="#m22">addToCartSingleProduct</a></td><td rowspan="1">1659732822004</td><td rowspan="1">0</td></tr><tr class="skippedodd"><td rowspan="1">com.sauceDemo.TestCasses.TC_004_VerifyFilterFunctionality</td><td><a href="#m23">filterFunctionality</a></td><td rowspan="1">1659732822045</td><td rowspan="1">0</td></tr><tr class="skippedeven"><td rowspan="1">com.sauceDemo.TestCasses.TC_005VerifyAboutFunctionality</td><td><a href="#m24">aboutFunctionality</a></td><td rowspan="1">1659732822073</td><td rowspan="1">0</td></tr><tr class="skippedodd"><td rowspan="1">com.sauceDemo.TestCasses.TC_006_CheckOutFunctinality</td><td><a href="#m25">addTocartFunctionality</a></td><td rowspan="1">1659732822119</td><td rowspan="1">0</td></tr><tr class="skippedeven"><td rowspan="1">com.sauceDemo.TestCasses.TC_007_VerifyToBuysingleProduct</td><td><a href="#m26">singleProductBayFunctionality</a></td><td rowspan="1">1659732822154</td><td rowspan="1">0</td></tr><tr class="skippedodd"><td rowspan="1">com.sauceDemo.TestCasses.TC_008_VerifyToBayMultipleProduct</td><td><a href="#m27">multipleProductSelect</a></td><td rowspan="1">1659732822177</td><td rowspan="1">0</td></tr><tr class="skippedeven"><td rowspan="1">com.sauceDemo.TestCasses.TC_009_VerifyBagPachDetaisPageInfo</td><td><a href="#m28">verifyBagProductInfo</a></td><td rowspan="1">1659732822237</td><td rowspan="1">0</td></tr><tr class="skippedodd"><td rowspan="1">com.sauceDemo.TestCasses.TC_010_VerifythePriceOfBikeLighOnYourCartPage</td><td><a href="#m29">verifyPriceOfBikeLightOnYourCartPage</a></td><td rowspan="1">1659732822272</td><td rowspan="1">0</td></tr></tbody>
<tbody id="t1"><tr><th colspan="4">firefox test &#8212; failed (configuration methods)</th></tr><tr class="failedeven"><td rowspan="1">com.sauceDemo.TestCasses.TC_001_VerifyLoginFunctionality</td><td><a href="#m30">setUp</a></td><td rowspan="1">1659732822740</td><td rowspan="1">106</td></tr><tr class="failedodd"><td rowspan="1">com.sauceDemo.TestCasses.TC_002_VerifyLogOutFunctionality</td><td><a href="#m31">setUp</a></td><td rowspan="1">1659732822861</td><td rowspan="1">8</td></tr><tr class="failedeven"><td rowspan="1">com.sauceDemo.TestCasses.TC_003_VerifySelectTheProduct</td><td><a href="#m32">setUp</a></td><td rowspan="1">1659732822888</td><td rowspan="1">26</td></tr><tr class="failedodd"><td rowspan="1">com.sauceDemo.TestCasses.TC_004_VerifyFilterFunctionality</td><td><a href="#m33">setUp</a></td><td rowspan="1">1659732822928</td><td rowspan="1">10</td></tr><tr class="failedeven"><td rowspan="1">com.sauceDemo.TestCasses.TC_005VerifyAboutFunctionality</td><td><a href="#m34">setUp</a></td><td rowspan="1">1659732822956</td><td rowspan="1">13</td></tr><tr class="failedodd"><td rowspan="1">com.sauceDemo.TestCasses.TC_006_CheckOutFunctinality</td><td><a href="#m35">setUp</a></td><td rowspan="1">1659732822996</td><td rowspan="1">33</td></tr><tr class="failedeven"><td rowspan="1">com.sauceDemo.TestCasses.TC_007_VerifyToBuysingleProduct</td><td><a href="#m36">setUp</a></td><td rowspan="1">1659732823058</td><td rowspan="1">16</td></tr><tr class="failedodd"><td rowspan="1">com.sauceDemo.TestCasses.TC_008_VerifyToBayMultipleProduct</td><td><a href="#m37">setUp</a></td><td rowspan="1">1659732823086</td><td rowspan="1">26</td></tr><tr class="failedeven"><td rowspan="1">com.sauceDemo.TestCasses.TC_009_VerifyBagPachDetaisPageInfo</td><td><a href="#m38">setUp</a></td><td rowspan="1">1659732823124</td><td rowspan="1">11</td></tr><tr class="failedodd"><td rowspan="1">com.sauceDemo.TestCasses.TC_010_VerifythePriceOfBikeLighOnYourCartPage</td><td><a href="#m39">setUp</a></td><td rowspan="1">1659732823151</td><td rowspan="1">12</td></tr><tr><th colspan="4">firefox test &#8212; skipped (configuration methods)</th></tr><tr class="skippedeven"><td rowspan="1">com.sauceDemo.TestCasses.TC_001_VerifyLoginFunctionality</td><td><a href="#m40">tearDown</a></td><td rowspan="1">1659732822856</td><td rowspan="1">-1659732822856</td></tr><tr class="skippedodd"><td rowspan="1">com.sauceDemo.TestCasses.TC_002_VerifyLogOutFunctionality</td><td><a href="#m41">tearDown</a></td><td rowspan="1">1659732822879</td><td rowspan="1">-1659732822879</td></tr><tr class="skippedeven"><td rowspan="1">com.sauceDemo.TestCasses.TC_003_VerifySelectTheProduct</td><td><a href="#m42">tearDown</a></td><td rowspan="1">1659732822925</td><td rowspan="1">-1659732822925</td></tr><tr class="skippedodd"><td rowspan="1">com.sauceDemo.TestCasses.TC_004_VerifyFilterFunctionality</td><td><a href="#m43">tearDown</a></td><td rowspan="1">1659732822947</td><td rowspan="1">-1659732822947</td></tr><tr class="skippedeven"><td rowspan="1">com.sauceDemo.TestCasses.TC_005VerifyAboutFunctionality</td><td><a href="#m44">tearDown</a></td><td rowspan="1">1659732822987</td><td rowspan="1">-1659732822987</td></tr><tr class="skippedodd"><td rowspan="1">com.sauceDemo.TestCasses.TC_006_CheckOutFunctinality</td><td><a href="#m45">tearDown</a></td><td rowspan="1">1659732823047</td><td rowspan="1">-1659732823047</td></tr><tr class="skippedeven"><td rowspan="1">com.sauceDemo.TestCasses.TC_007_VerifyToBuysingleProduct</td><td><a href="#m46">tearDown</a></td><td rowspan="1">1659732823083</td><td rowspan="1">-1659732823083</td></tr><tr class="skippedodd"><td rowspan="1">com.sauceDemo.TestCasses.TC_008_VerifyToBayMultipleProduct</td><td><a href="#m47">tearDown</a></td><td rowspan="1">1659732823121</td><td rowspan="1">-1659732823121</td></tr><tr class="skippedeven"><td rowspan="1">com.sauceDemo.TestCasses.TC_009_VerifyBagPachDetaisPageInfo</td><td><a href="#m48">tearDown</a></td><td rowspan="1">1659732823145</td><td rowspan="1">-1659732823145</td></tr><tr class="skippedodd"><td rowspan="1">com.sauceDemo.TestCasses.TC_010_VerifythePriceOfBikeLighOnYourCartPage</td><td><a href="#m49">tearDown</a></td><td rowspan="1">1659732823170</td><td rowspan="1">-1659732823170</td></tr><tr><th colspan="4">firefox test &#8212; skipped</th></tr><tr class="skippedeven"><td rowspan="1">com.sauceDemo.TestCasses.TC_001_VerifyLoginFunctionality</td><td><a href="#m50">logInFunctionality</a></td><td rowspan="1">1659732822851</td><td rowspan="1">0</td></tr><tr class="skippedodd"><td rowspan="1">com.sauceDemo.TestCasses.TC_002_VerifyLogOutFunctionality</td><td><a href="#m51">logoutFunctionality</a></td><td rowspan="1">1659732822875</td><td rowspan="1">0</td></tr><tr class="skippedeven"><td rowspan="1">com.sauceDemo.TestCasses.TC_003_VerifySelectTheProduct</td><td><a href="#m52">addToCartSingleProduct</a></td><td rowspan="1">1659732822918</td><td rowspan="1">0</td></tr><tr class="skippedodd"><td rowspan="1">com.sauceDemo.TestCasses.TC_004_VerifyFilterFunctionality</td><td><a href="#m53">filterFunctionality</a></td><td rowspan="1">1659732822944</td><td rowspan="1">0</td></tr><tr class="skippedeven"><td rowspan="1">com.sauceDemo.TestCasses.TC_005VerifyAboutFunctionality</td><td><a href="#m54">aboutFunctionality</a></td><td rowspan="1">1659732822973</td><td rowspan="1">0</td></tr><tr class="skippedodd"><td rowspan="1">com.sauceDemo.TestCasses.TC_006_CheckOutFunctinality</td><td><a href="#m55">addTocartFunctionality</a></td><td rowspan="1">1659732823038</td><td rowspan="1">0</td></tr><tr class="skippedeven"><td rowspan="1">com.sauceDemo.TestCasses.TC_007_VerifyToBuysingleProduct</td><td><a href="#m56">singleProductBayFunctionality</a></td><td rowspan="1">1659732823077</td><td rowspan="1">0</td></tr><tr class="skippedodd"><td rowspan="1">com.sauceDemo.TestCasses.TC_008_VerifyToBayMultipleProduct</td><td><a href="#m57">multipleProductSelect</a></td><td rowspan="1">1659732823116</td><td rowspan="1">0</td></tr><tr class="skippedeven"><td rowspan="1">com.sauceDemo.TestCasses.TC_009_VerifyBagPachDetaisPageInfo</td><td><a href="#m58">verifyBagProductInfo</a></td><td rowspan="1">1659732823139</td><td rowspan="1">0</td></tr><tr class="skippedodd"><td rowspan="1">com.sauceDemo.TestCasses.TC_010_VerifythePriceOfBikeLighOnYourCartPage</td><td><a href="#m59">verifyPriceOfBikeLightOnYourCartPage</a></td><td rowspan="1">1659732823167</td><td rowspan="1">0</td></tr></tbody>
</table>
<h2>chrome test</h2><h3 id="m0">com.sauceDemo.TestCasses.TC_001_VerifyLoginFunctionality#setUp</h3><table class="result"><tr class="param"><th>Parameter #1</th></tr><tr class="param stripe"><td>chrome</td></tr><tr><th>Exception</th></tr><tr><td><div class="stacktrace">java.lang.IllegalStateException: The driver executable must exist: C:\Users\Admin\eclipse-workspace\Basic JavaProgram\SauceDemoProject\.\DriverFolder\chromedriver.exe
	at org.openqa.selenium.internal.Require$FileStateChecker.isFile(Require.java:342)
	at org.openqa.selenium.remote.service.DriverService.checkExecutable(DriverService.java:147)
	at org.openqa.selenium.remote.service.DriverService.findExecutable(DriverService.java:142)
	at org.openqa.selenium.chrome.ChromeDriverService.access$000(ChromeDriverService.java:39)
	at org.openqa.selenium.chrome.ChromeDriverService$Builder.findDefaultExecutable(ChromeDriverService.java:233)
	at org.openqa.selenium.remote.service.DriverService$Builder.build(DriverService.java:437)
	at org.openqa.selenium.chrome.ChromeDriverService.createDefaultService(ChromeDriverService.java:128)
	at org.openqa.selenium.chrome.ChromeDriver.&lt;init&gt;(ChromeDriver.java:49)
	at com.sauceDemo.TestCasses.TestBaseClass.setUp(TestBaseClass.java:35)
	at java.base/java.util.ArrayList.forEach(ArrayList.java:1511)
... Removed 31 stack frames</div></td></tr></table><p class="totop"><a href="#summary">back to summary</a></p>
<h3 id="m1">com.sauceDemo.TestCasses.TC_002_VerifyLogOutFunctionality#setUp</h3><table class="result"><tr class="param"><th>Parameter #1</th></tr><tr class="param stripe"><td>chrome</td></tr><tr><th>Exception</th></tr><tr><td><div class="stacktrace">java.lang.IllegalStateException: The driver executable must exist: C:\Users\Admin\eclipse-workspace\Basic JavaProgram\SauceDemoProject\.\DriverFolder\chromedriver.exe
	at org.openqa.selenium.internal.Require$FileStateChecker.isFile(Require.java:342)
	at org.openqa.selenium.remote.service.DriverService.checkExecutable(DriverService.java:147)
	at org.openqa.selenium.remote.service.DriverService.findExecutable(DriverService.java:142)
	at org.openqa.selenium.chrome.ChromeDriverService.access$000(ChromeDriverService.java:39)
	at org.openqa.selenium.chrome.ChromeDriverService$Builder.findDefaultExecutable(ChromeDriverService.java:233)
	at org.openqa.selenium.remote.service.DriverService$Builder.build(DriverService.java:437)
	at org.openqa.selenium.chrome.ChromeDriverService.createDefaultService(ChromeDriverService.java:128)
	at org.openqa.selenium.chrome.ChromeDriver.&lt;init&gt;(ChromeDriver.java:49)
	at com.sauceDemo.TestCasses.TestBaseClass.setUp(TestBaseClass.java:35)
	at java.base/java.util.ArrayList.forEach(ArrayList.java:1511)
... Removed 31 stack frames</div></td></tr></table><p class="totop"><a href="#summary">back to summary</a></p>
<h3 id="m2">com.sauceDemo.TestCasses.TC_003_VerifySelectTheProduct#setUp</h3><table class="result"><tr class="param"><th>Parameter #1</th></tr><tr class="param stripe"><td>chrome</td></tr><tr><th>Exception</th></tr><tr><td><div class="stacktrace">java.lang.IllegalStateException: The driver executable must exist: C:\Users\Admin\eclipse-workspace\Basic JavaProgram\SauceDemoProject\.\DriverFolder\chromedriver.exe
	at org.openqa.selenium.internal.Require$FileStateChecker.isFile(Require.java:342)
	at org.openqa.selenium.remote.service.DriverService.checkExecutable(DriverService.java:147)
	at org.openqa.selenium.remote.service.DriverService.findExecutable(DriverService.java:142)
	at org.openqa.selenium.chrome.ChromeDriverService.access$000(ChromeDriverService.java:39)
	at org.openqa.selenium.chrome.ChromeDriverService$Builder.findDefaultExecutable(ChromeDriverService.java:233)
	at org.openqa.selenium.remote.service.DriverService$Builder.build(DriverService.java:437)
	at org.openqa.selenium.chrome.ChromeDriverService.createDefaultService(ChromeDriverService.java:128)
	at org.openqa.selenium.chrome.ChromeDriver.&lt;init&gt;(ChromeDriver.java:49)
	at com.sauceDemo.TestCasses.TestBaseClass.setUp(TestBaseClass.java:35)
	at java.base/java.util.ArrayList.forEach(ArrayList.java:1511)
... Removed 31 stack frames</div></td></tr></table><p class="totop"><a href="#summary">back to summary</a></p>
<h3 id="m3">com.sauceDemo.TestCasses.TC_004_VerifyFilterFunctionality#setUp</h3><table class="result"><tr class="param"><th>Parameter #1</th></tr><tr class="param stripe"><td>chrome</td></tr><tr><th>Exception</th></tr><tr><td><div class="stacktrace">java.lang.IllegalStateException: The driver executable must exist: C:\Users\Admin\eclipse-workspace\Basic JavaProgram\SauceDemoProject\.\DriverFolder\chromedriver.exe
	at org.openqa.selenium.internal.Require$FileStateChecker.isFile(Require.java:342)
	at org.openqa.selenium.remote.service.DriverService.checkExecutable(DriverService.java:147)
	at org.openqa.selenium.remote.service.DriverService.findExecutable(DriverService.java:142)
	at org.openqa.selenium.chrome.ChromeDriverService.access$000(ChromeDriverService.java:39)
	at org.openqa.selenium.chrome.ChromeDriverService$Builder.findDefaultExecutable(ChromeDriverService.java:233)
	at org.openqa.selenium.remote.service.DriverService$Builder.build(DriverService.java:437)
	at org.openqa.selenium.chrome.ChromeDriverService.createDefaultService(ChromeDriverService.java:128)
	at org.openqa.selenium.chrome.ChromeDriver.&lt;init&gt;(ChromeDriver.java:49)
	at com.sauceDemo.TestCasses.TestBaseClass.setUp(TestBaseClass.java:35)
	at java.base/java.util.ArrayList.forEach(ArrayList.java:1511)
... Removed 31 stack frames</div></td></tr></table><p class="totop"><a href="#summary">back to summary</a></p>
<h3 id="m4">com.sauceDemo.TestCasses.TC_005VerifyAboutFunctionality#setUp</h3><table class="result"><tr class="param"><th>Parameter #1</th></tr><tr class="param stripe"><td>chrome</td></tr><tr><th>Exception</th></tr><tr><td><div class="stacktrace">java.lang.IllegalStateException: The driver executable must exist: C:\Users\Admin\eclipse-workspace\Basic JavaProgram\SauceDemoProject\.\DriverFolder\chromedriver.exe
	at org.openqa.selenium.internal.Require$FileStateChecker.isFile(Require.java:342)
	at org.openqa.selenium.remote.service.DriverService.checkExecutable(DriverService.java:147)
	at org.openqa.selenium.remote.service.DriverService.findExecutable(DriverService.java:142)
	at org.openqa.selenium.chrome.ChromeDriverService.access$000(ChromeDriverService.java:39)
	at org.openqa.selenium.chrome.ChromeDriverService$Builder.findDefaultExecutable(ChromeDriverService.java:233)
	at org.openqa.selenium.remote.service.DriverService$Builder.build(DriverService.java:437)
	at org.openqa.selenium.chrome.ChromeDriverService.createDefaultService(ChromeDriverService.java:128)
	at org.openqa.selenium.chrome.ChromeDriver.&lt;init&gt;(ChromeDriver.java:49)
	at com.sauceDemo.TestCasses.TestBaseClass.setUp(TestBaseClass.java:35)
	at java.base/java.util.ArrayList.forEach(ArrayList.java:1511)
... Removed 31 stack frames</div></td></tr></table><p class="totop"><a href="#summary">back to summary</a></p>
<h3 id="m5">com.sauceDemo.TestCasses.TC_006_CheckOutFunctinality#setUp</h3><table class="result"><tr class="param"><th>Parameter #1</th></tr><tr class="param stripe"><td>chrome</td></tr><tr><th>Exception</th></tr><tr><td><div class="stacktrace">java.lang.IllegalStateException: The driver executable must exist: C:\Users\Admin\eclipse-workspace\Basic JavaProgram\SauceDemoProject\.\DriverFolder\chromedriver.exe
	at org.openqa.selenium.internal.Require$FileStateChecker.isFile(Require.java:342)
	at org.openqa.selenium.remote.service.DriverService.checkExecutable(DriverService.java:147)
	at org.openqa.selenium.remote.service.DriverService.findExecutable(DriverService.java:142)
	at org.openqa.selenium.chrome.ChromeDriverService.access$000(ChromeDriverService.java:39)
	at org.openqa.selenium.chrome.ChromeDriverService$Builder.findDefaultExecutable(ChromeDriverService.java:233)
	at org.openqa.selenium.remote.service.DriverService$Builder.build(DriverService.java:437)
	at org.openqa.selenium.chrome.ChromeDriverService.createDefaultService(ChromeDriverService.java:128)
	at org.openqa.selenium.chrome.ChromeDriver.&lt;init&gt;(ChromeDriver.java:49)
	at com.sauceDemo.TestCasses.TestBaseClass.setUp(TestBaseClass.java:35)
	at java.base/java.util.ArrayList.forEach(ArrayList.java:1511)
... Removed 31 stack frames</div></td></tr></table><p class="totop"><a href="#summary">back to summary</a></p>
<h3 id="m6">com.sauceDemo.TestCasses.TC_007_VerifyToBuysingleProduct#setUp</h3><table class="result"><tr class="param"><th>Parameter #1</th></tr><tr class="param stripe"><td>chrome</td></tr><tr><th>Exception</th></tr><tr><td><div class="stacktrace">java.lang.IllegalStateException: The driver executable must exist: C:\Users\Admin\eclipse-workspace\Basic JavaProgram\SauceDemoProject\.\DriverFolder\chromedriver.exe
	at org.openqa.selenium.internal.Require$FileStateChecker.isFile(Require.java:342)
	at org.openqa.selenium.remote.service.DriverService.checkExecutable(DriverService.java:147)
	at org.openqa.selenium.remote.service.DriverService.findExecutable(DriverService.java:142)
	at org.openqa.selenium.chrome.ChromeDriverService.access$000(ChromeDriverService.java:39)
	at org.openqa.selenium.chrome.ChromeDriverService$Builder.findDefaultExecutable(ChromeDriverService.java:233)
	at org.openqa.selenium.remote.service.DriverService$Builder.build(DriverService.java:437)
	at org.openqa.selenium.chrome.ChromeDriverService.createDefaultService(ChromeDriverService.java:128)
	at org.openqa.selenium.chrome.ChromeDriver.&lt;init&gt;(ChromeDriver.java:49)
	at com.sauceDemo.TestCasses.TestBaseClass.setUp(TestBaseClass.java:35)
	at java.base/java.util.ArrayList.forEach(ArrayList.java:1511)
... Removed 31 stack frames</div></td></tr></table><p class="totop"><a href="#summary">back to summary</a></p>
<h3 id="m7">com.sauceDemo.TestCasses.TC_008_VerifyToBayMultipleProduct#setUp</h3><table class="result"><tr class="param"><th>Parameter #1</th></tr><tr class="param stripe"><td>chrome</td></tr><tr><th>Exception</th></tr><tr><td><div class="stacktrace">java.lang.IllegalStateException: The driver executable must exist: C:\Users\Admin\eclipse-workspace\Basic JavaProgram\SauceDemoProject\.\DriverFolder\chromedriver.exe
	at org.openqa.selenium.internal.Require$FileStateChecker.isFile(Require.java:342)
	at org.openqa.selenium.remote.service.DriverService.checkExecutable(DriverService.java:147)
	at org.openqa.selenium.remote.service.DriverService.findExecutable(DriverService.java:142)
	at org.openqa.selenium.chrome.ChromeDriverService.access$000(ChromeDriverService.java:39)
	at org.openqa.selenium.chrome.ChromeDriverService$Builder.findDefaultExecutable(ChromeDriverService.java:233)
	at org.openqa.selenium.remote.service.DriverService$Builder.build(DriverService.java:437)
	at org.openqa.selenium.chrome.ChromeDriverService.createDefaultService(ChromeDriverService.java:128)
	at org.openqa.selenium.chrome.ChromeDriver.&lt;init&gt;(ChromeDriver.java:49)
	at com.sauceDemo.TestCasses.TestBaseClass.setUp(TestBaseClass.java:35)
	at java.base/java.util.ArrayList.forEach(ArrayList.java:1511)
... Removed 31 stack frames</div></td></tr></table><p class="totop"><a href="#summary">back to summary</a></p>
<h3 id="m8">com.sauceDemo.TestCasses.TC_009_VerifyBagPachDetaisPageInfo#setUp</h3><table class="result"><tr class="param"><th>Parameter #1</th></tr><tr class="param stripe"><td>chrome</td></tr><tr><th>Exception</th></tr><tr><td><div class="stacktrace">java.lang.IllegalStateException: The driver executable must exist: C:\Users\Admin\eclipse-workspace\Basic JavaProgram\SauceDemoProject\.\DriverFolder\chromedriver.exe
	at org.openqa.selenium.internal.Require$FileStateChecker.isFile(Require.java:342)
	at org.openqa.selenium.remote.service.DriverService.checkExecutable(DriverService.java:147)
	at org.openqa.selenium.remote.service.DriverService.findExecutable(DriverService.java:142)
	at org.openqa.selenium.chrome.ChromeDriverService.access$000(ChromeDriverService.java:39)
	at org.openqa.selenium.chrome.ChromeDriverService$Builder.findDefaultExecutable(ChromeDriverService.java:233)
	at org.openqa.selenium.remote.service.DriverService$Builder.build(DriverService.java:437)
	at org.openqa.selenium.chrome.ChromeDriverService.createDefaultService(ChromeDriverService.java:128)
	at org.openqa.selenium.chrome.ChromeDriver.&lt;init&gt;(ChromeDriver.java:49)
	at com.sauceDemo.TestCasses.TestBaseClass.setUp(TestBaseClass.java:35)
	at java.base/java.util.ArrayList.forEach(ArrayList.java:1511)
... Removed 31 stack frames</div></td></tr></table><p class="totop"><a href="#summary">back to summary</a></p>
<h3 id="m9">com.sauceDemo.TestCasses.TC_010_VerifythePriceOfBikeLighOnYourCartPage#setUp</h3><table class="result"><tr class="param"><th>Parameter #1</th></tr><tr class="param stripe"><td>chrome</td></tr><tr><th>Exception</th></tr><tr><td><div class="stacktrace">java.lang.IllegalStateException: The driver executable must exist: C:\Users\Admin\eclipse-workspace\Basic JavaProgram\SauceDemoProject\.\DriverFolder\chromedriver.exe
	at org.openqa.selenium.internal.Require$FileStateChecker.isFile(Require.java:342)
	at org.openqa.selenium.remote.service.DriverService.checkExecutable(DriverService.java:147)
	at org.openqa.selenium.remote.service.DriverService.findExecutable(DriverService.java:142)
	at org.openqa.selenium.chrome.ChromeDriverService.access$000(ChromeDriverService.java:39)
	at org.openqa.selenium.chrome.ChromeDriverService$Builder.findDefaultExecutable(ChromeDriverService.java:233)
	at org.openqa.selenium.remote.service.DriverService$Builder.build(DriverService.java:437)
	at org.openqa.selenium.chrome.ChromeDriverService.createDefaultService(ChromeDriverService.java:128)
	at org.openqa.selenium.chrome.ChromeDriver.&lt;init&gt;(ChromeDriver.java:49)
	at com.sauceDemo.TestCasses.TestBaseClass.setUp(TestBaseClass.java:35)
	at java.base/java.util.ArrayList.forEach(ArrayList.java:1511)
... Removed 31 stack frames</div></td></tr></table><p class="totop"><a href="#summary">back to summary</a></p>
<h3 id="m10">com.sauceDemo.TestCasses.TC_001_VerifyLoginFunctionality#tearDown</h3><table class="result"><tr><th class="invisible"/></tr></table><p class="totop"><a href="#summary">back to summary</a></p>
<h3 id="m11">com.sauceDemo.TestCasses.TC_002_VerifyLogOutFunctionality#tearDown</h3><table class="result"><tr><th class="invisible"/></tr></table><p class="totop"><a href="#summary">back to summary</a></p>
<h3 id="m12">com.sauceDemo.TestCasses.TC_003_VerifySelectTheProduct#tearDown</h3><table class="result"><tr><th class="invisible"/></tr></table><p class="totop"><a href="#summary">back to summary</a></p>
<h3 id="m13">com.sauceDemo.TestCasses.TC_004_VerifyFilterFunctionality#tearDown</h3><table class="result"><tr><th class="invisible"/></tr></table><p class="totop"><a href="#summary">back to summary</a></p>
<h3 id="m14">com.sauceDemo.TestCasses.TC_005VerifyAboutFunctionality#tearDown</h3><table class="result"><tr><th class="invisible"/></tr></table><p class="totop"><a href="#summary">back to summary</a></p>
<h3 id="m15">com.sauceDemo.TestCasses.TC_006_CheckOutFunctinality#tearDown</h3><table class="result"><tr><th class="invisible"/></tr></table><p class="totop"><a href="#summary">back to summary</a></p>
<h3 id="m16">com.sauceDemo.TestCasses.TC_007_VerifyToBuysingleProduct#tearDown</h3><table class="result"><tr><th class="invisible"/></tr></table><p class="totop"><a href="#summary">back to summary</a></p>
<h3 id="m17">com.sauceDemo.TestCasses.TC_008_VerifyToBayMultipleProduct#tearDown</h3><table class="result"><tr><th class="invisible"/></tr></table><p class="totop"><a href="#summary">back to summary</a></p>
<h3 id="m18">com.sauceDemo.TestCasses.TC_009_VerifyBagPachDetaisPageInfo#tearDown</h3><table class="result"><tr><th class="invisible"/></tr></table><p class="totop"><a href="#summary">back to summary</a></p>
<h3 id="m19">com.sauceDemo.TestCasses.TC_010_VerifythePriceOfBikeLighOnYourCartPage#tearDown</h3><table class="result"><tr><th class="invisible"/></tr></table><p class="totop"><a href="#summary">back to summary</a></p>
<h3 id="m20">com.sauceDemo.TestCasses.TC_001_VerifyLoginFunctionality#logInFunctionality</h3><table class="result"><tr><th>Exception</th></tr><tr><td><div class="stacktrace">java.lang.IllegalStateException: The driver executable must exist: C:\Users\Admin\eclipse-workspace\Basic JavaProgram\SauceDemoProject\.\DriverFolder\chromedriver.exe
	at org.openqa.selenium.internal.Require$FileStateChecker.isFile(Require.java:342)
	at org.openqa.selenium.remote.service.DriverService.checkExecutable(DriverService.java:147)
	at org.openqa.selenium.remote.service.DriverService.findExecutable(DriverService.java:142)
	at org.openqa.selenium.chrome.ChromeDriverService.access$000(ChromeDriverService.java:39)
	at org.openqa.selenium.chrome.ChromeDriverService$Builder.findDefaultExecutable(ChromeDriverService.java:233)
	at org.openqa.selenium.remote.service.DriverService$Builder.build(DriverService.java:437)
	at org.openqa.selenium.chrome.ChromeDriverService.createDefaultService(ChromeDriverService.java:128)
	at org.openqa.selenium.chrome.ChromeDriver.&lt;init&gt;(ChromeDriver.java:49)
	at com.sauceDemo.TestCasses.TestBaseClass.setUp(TestBaseClass.java:35)
	at java.base/java.util.ArrayList.forEach(ArrayList.java:1511)
... Removed 31 stack frames</div></td></tr></table><p class="totop"><a href="#summary">back to summary</a></p>
<h3 id="m21">com.sauceDemo.TestCasses.TC_002_VerifyLogOutFunctionality#logoutFunctionality</h3><table class="result"><tr><th>Exception</th></tr><tr><td><div class="stacktrace">java.lang.IllegalStateException: The driver executable must exist: C:\Users\Admin\eclipse-workspace\Basic JavaProgram\SauceDemoProject\.\DriverFolder\chromedriver.exe
	at org.openqa.selenium.internal.Require$FileStateChecker.isFile(Require.java:342)
	at org.openqa.selenium.remote.service.DriverService.checkExecutable(DriverService.java:147)
	at org.openqa.selenium.remote.service.DriverService.findExecutable(DriverService.java:142)
	at org.openqa.selenium.chrome.ChromeDriverService.access$000(ChromeDriverService.java:39)
	at org.openqa.selenium.chrome.ChromeDriverService$Builder.findDefaultExecutable(ChromeDriverService.java:233)
	at org.openqa.selenium.remote.service.DriverService$Builder.build(DriverService.java:437)
	at org.openqa.selenium.chrome.ChromeDriverService.createDefaultService(ChromeDriverService.java:128)
	at org.openqa.selenium.chrome.ChromeDriver.&lt;init&gt;(ChromeDriver.java:49)
	at com.sauceDemo.TestCasses.TestBaseClass.setUp(TestBaseClass.java:35)
	at java.base/java.util.ArrayList.forEach(ArrayList.java:1511)
... Removed 31 stack frames</div></td></tr></table><p class="totop"><a href="#summary">back to summary</a></p>
<h3 id="m22">com.sauceDemo.TestCasses.TC_003_VerifySelectTheProduct#addToCartSingleProduct</h3><table class="result"><tr><th>Exception</th></tr><tr><td><div class="stacktrace">java.lang.IllegalStateException: The driver executable must exist: C:\Users\Admin\eclipse-workspace\Basic JavaProgram\SauceDemoProject\.\DriverFolder\chromedriver.exe
	at org.openqa.selenium.internal.Require$FileStateChecker.isFile(Require.java:342)
	at org.openqa.selenium.remote.service.DriverService.checkExecutable(DriverService.java:147)
	at org.openqa.selenium.remote.service.DriverService.findExecutable(DriverService.java:142)
	at org.openqa.selenium.chrome.ChromeDriverService.access$000(ChromeDriverService.java:39)
	at org.openqa.selenium.chrome.ChromeDriverService$Builder.findDefaultExecutable(ChromeDriverService.java:233)
	at org.openqa.selenium.remote.service.DriverService$Builder.build(DriverService.java:437)
	at org.openqa.selenium.chrome.ChromeDriverService.createDefaultService(ChromeDriverService.java:128)
	at org.openqa.selenium.chrome.ChromeDriver.&lt;init&gt;(ChromeDriver.java:49)
	at com.sauceDemo.TestCasses.TestBaseClass.setUp(TestBaseClass.java:35)
	at java.base/java.util.ArrayList.forEach(ArrayList.java:1511)
... Removed 31 stack frames</div></td></tr></table><p class="totop"><a href="#summary">back to summary</a></p>
<h3 id="m23">com.sauceDemo.TestCasses.TC_004_VerifyFilterFunctionality#filterFunctionality</h3><table class="result"><tr><th>Exception</th></tr><tr><td><div class="stacktrace">java.lang.IllegalStateException: The driver executable must exist: C:\Users\Admin\eclipse-workspace\Basic JavaProgram\SauceDemoProject\.\DriverFolder\chromedriver.exe
	at org.openqa.selenium.internal.Require$FileStateChecker.isFile(Require.java:342)
	at org.openqa.selenium.remote.service.DriverService.checkExecutable(DriverService.java:147)
	at org.openqa.selenium.remote.service.DriverService.findExecutable(DriverService.java:142)
	at org.openqa.selenium.chrome.ChromeDriverService.access$000(ChromeDriverService.java:39)
	at org.openqa.selenium.chrome.ChromeDriverService$Builder.findDefaultExecutable(ChromeDriverService.java:233)
	at org.openqa.selenium.remote.service.DriverService$Builder.build(DriverService.java:437)
	at org.openqa.selenium.chrome.ChromeDriverService.createDefaultService(ChromeDriverService.java:128)
	at org.openqa.selenium.chrome.ChromeDriver.&lt;init&gt;(ChromeDriver.java:49)
	at com.sauceDemo.TestCasses.TestBaseClass.setUp(TestBaseClass.java:35)
	at java.base/java.util.ArrayList.forEach(ArrayList.java:1511)
... Removed 31 stack frames</div></td></tr></table><p class="totop"><a href="#summary">back to summary</a></p>
<h3 id="m24">com.sauceDemo.TestCasses.TC_005VerifyAboutFunctionality#aboutFunctionality</h3><table class="result"><tr><th>Exception</th></tr><tr><td><div class="stacktrace">java.lang.IllegalStateException: The driver executable must exist: C:\Users\Admin\eclipse-workspace\Basic JavaProgram\SauceDemoProject\.\DriverFolder\chromedriver.exe
	at org.openqa.selenium.internal.Require$FileStateChecker.isFile(Require.java:342)
	at org.openqa.selenium.remote.service.DriverService.checkExecutable(DriverService.java:147)
	at org.openqa.selenium.remote.service.DriverService.findExecutable(DriverService.java:142)
	at org.openqa.selenium.chrome.ChromeDriverService.access$000(ChromeDriverService.java:39)
	at org.openqa.selenium.chrome.ChromeDriverService$Builder.findDefaultExecutable(ChromeDriverService.java:233)
	at org.openqa.selenium.remote.service.DriverService$Builder.build(DriverService.java:437)
	at org.openqa.selenium.chrome.ChromeDriverService.createDefaultService(ChromeDriverService.java:128)
	at org.openqa.selenium.chrome.ChromeDriver.&lt;init&gt;(ChromeDriver.java:49)
	at com.sauceDemo.TestCasses.TestBaseClass.setUp(TestBaseClass.java:35)
	at java.base/java.util.ArrayList.forEach(ArrayList.java:1511)
... Removed 31 stack frames</div></td></tr></table><p class="totop"><a href="#summary">back to summary</a></p>
<h3 id="m25">com.sauceDemo.TestCasses.TC_006_CheckOutFunctinality#addTocartFunctionality</h3><table class="result"><tr><th>Exception</th></tr><tr><td><div class="stacktrace">java.lang.IllegalStateException: The driver executable must exist: C:\Users\Admin\eclipse-workspace\Basic JavaProgram\SauceDemoProject\.\DriverFolder\chromedriver.exe
	at org.openqa.selenium.internal.Require$FileStateChecker.isFile(Require.java:342)
	at org.openqa.selenium.remote.service.DriverService.checkExecutable(DriverService.java:147)
	at org.openqa.selenium.remote.service.DriverService.findExecutable(DriverService.java:142)
	at org.openqa.selenium.chrome.ChromeDriverService.access$000(ChromeDriverService.java:39)
	at org.openqa.selenium.chrome.ChromeDriverService$Builder.findDefaultExecutable(ChromeDriverService.java:233)
	at org.openqa.selenium.remote.service.DriverService$Builder.build(DriverService.java:437)
	at org.openqa.selenium.chrome.ChromeDriverService.createDefaultService(ChromeDriverService.java:128)
	at org.openqa.selenium.chrome.ChromeDriver.&lt;init&gt;(ChromeDriver.java:49)
	at com.sauceDemo.TestCasses.TestBaseClass.setUp(TestBaseClass.java:35)
	at java.base/java.util.ArrayList.forEach(ArrayList.java:1511)
... Removed 31 stack frames</div></td></tr></table><p class="totop"><a href="#summary">back to summary</a></p>
<h3 id="m26">com.sauceDemo.TestCasses.TC_007_VerifyToBuysingleProduct#singleProductBayFunctionality</h3><table class="result"><tr><th>Exception</th></tr><tr><td><div class="stacktrace">java.lang.IllegalStateException: The driver executable must exist: C:\Users\Admin\eclipse-workspace\Basic JavaProgram\SauceDemoProject\.\DriverFolder\chromedriver.exe
	at org.openqa.selenium.internal.Require$FileStateChecker.isFile(Require.java:342)
	at org.openqa.selenium.remote.service.DriverService.checkExecutable(DriverService.java:147)
	at org.openqa.selenium.remote.service.DriverService.findExecutable(DriverService.java:142)
	at org.openqa.selenium.chrome.ChromeDriverService.access$000(ChromeDriverService.java:39)
	at org.openqa.selenium.chrome.ChromeDriverService$Builder.findDefaultExecutable(ChromeDriverService.java:233)
	at org.openqa.selenium.remote.service.DriverService$Builder.build(DriverService.java:437)
	at org.openqa.selenium.chrome.ChromeDriverService.createDefaultService(ChromeDriverService.java:128)
	at org.openqa.selenium.chrome.ChromeDriver.&lt;init&gt;(ChromeDriver.java:49)
	at com.sauceDemo.TestCasses.TestBaseClass.setUp(TestBaseClass.java:35)
	at java.base/java.util.ArrayList.forEach(ArrayList.java:1511)
... Removed 31 stack frames</div></td></tr></table><p class="totop"><a href="#summary">back to summary</a></p>
<h3 id="m27">com.sauceDemo.TestCasses.TC_008_VerifyToBayMultipleProduct#multipleProductSelect</h3><table class="result"><tr><th>Exception</th></tr><tr><td><div class="stacktrace">java.lang.IllegalStateException: The driver executable must exist: C:\Users\Admin\eclipse-workspace\Basic JavaProgram\SauceDemoProject\.\DriverFolder\chromedriver.exe
	at org.openqa.selenium.internal.Require$FileStateChecker.isFile(Require.java:342)
	at org.openqa.selenium.remote.service.DriverService.checkExecutable(DriverService.java:147)
	at org.openqa.selenium.remote.service.DriverService.findExecutable(DriverService.java:142)
	at org.openqa.selenium.chrome.ChromeDriverService.access$000(ChromeDriverService.java:39)
	at org.openqa.selenium.chrome.ChromeDriverService$Builder.findDefaultExecutable(ChromeDriverService.java:233)
	at org.openqa.selenium.remote.service.DriverService$Builder.build(DriverService.java:437)
	at org.openqa.selenium.chrome.ChromeDriverService.createDefaultService(ChromeDriverService.java:128)
	at org.openqa.selenium.chrome.ChromeDriver.&lt;init&gt;(ChromeDriver.java:49)
	at com.sauceDemo.TestCasses.TestBaseClass.setUp(TestBaseClass.java:35)
	at java.base/java.util.ArrayList.forEach(ArrayList.java:1511)
... Removed 31 stack frames</div></td></tr></table><p class="totop"><a href="#summary">back to summary</a></p>
<h3 id="m28">com.sauceDemo.TestCasses.TC_009_VerifyBagPachDetaisPageInfo#verifyBagProductInfo</h3><table class="result"><tr><th>Exception</th></tr><tr><td><div class="stacktrace">java.lang.IllegalStateException: The driver executable must exist: C:\Users\Admin\eclipse-workspace\Basic JavaProgram\SauceDemoProject\.\DriverFolder\chromedriver.exe
	at org.openqa.selenium.internal.Require$FileStateChecker.isFile(Require.java:342)
	at org.openqa.selenium.remote.service.DriverService.checkExecutable(DriverService.java:147)
	at org.openqa.selenium.remote.service.DriverService.findExecutable(DriverService.java:142)
	at org.openqa.selenium.chrome.ChromeDriverService.access$000(ChromeDriverService.java:39)
	at org.openqa.selenium.chrome.ChromeDriverService$Builder.findDefaultExecutable(ChromeDriverService.java:233)
	at org.openqa.selenium.remote.service.DriverService$Builder.build(DriverService.java:437)
	at org.openqa.selenium.chrome.ChromeDriverService.createDefaultService(ChromeDriverService.java:128)
	at org.openqa.selenium.chrome.ChromeDriver.&lt;init&gt;(ChromeDriver.java:49)
	at com.sauceDemo.TestCasses.TestBaseClass.setUp(TestBaseClass.java:35)
	at java.base/java.util.ArrayList.forEach(ArrayList.java:1511)
... Removed 31 stack frames</div></td></tr></table><p class="totop"><a href="#summary">back to summary</a></p>
<h3 id="m29">com.sauceDemo.TestCasses.TC_010_VerifythePriceOfBikeLighOnYourCartPage#verifyPriceOfBikeLightOnYourCartPage</h3><table class="result"><tr><th>Exception</th></tr><tr><td><div class="stacktrace">java.lang.IllegalStateException: The driver executable must exist: C:\Users\Admin\eclipse-workspace\Basic JavaProgram\SauceDemoProject\.\DriverFolder\chromedriver.exe
	at org.openqa.selenium.internal.Require$FileStateChecker.isFile(Require.java:342)
	at org.openqa.selenium.remote.service.DriverService.checkExecutable(DriverService.java:147)
	at org.openqa.selenium.remote.service.DriverService.findExecutable(DriverService.java:142)
	at org.openqa.selenium.chrome.ChromeDriverService.access$000(ChromeDriverService.java:39)
	at org.openqa.selenium.chrome.ChromeDriverService$Builder.findDefaultExecutable(ChromeDriverService.java:233)
	at org.openqa.selenium.remote.service.DriverService$Builder.build(DriverService.java:437)
	at org.openqa.selenium.chrome.ChromeDriverService.createDefaultService(ChromeDriverService.java:128)
	at org.openqa.selenium.chrome.ChromeDriver.&lt;init&gt;(ChromeDriver.java:49)
	at com.sauceDemo.TestCasses.TestBaseClass.setUp(TestBaseClass.java:35)
	at java.base/java.util.ArrayList.forEach(ArrayList.java:1511)
... Removed 31 stack frames</div></td></tr></table><p class="totop"><a href="#summary">back to summary</a></p>
<h2>firefox test</h2><h3 id="m30">com.sauceDemo.TestCasses.TC_001_VerifyLoginFunctionality#setUp</h3><table class="result"><tr class="param"><th>Parameter #1</th></tr><tr class="param stripe"><td>firefox</td></tr><tr><th>Exception</th></tr><tr><td><div class="stacktrace">java.lang.IllegalStateException: The driver executable must exist: C:\Users\Admin\eclipse-workspace\Basic JavaProgram\SauceDemoProject\.\DriverFolder\geckodriver.exe
	at org.openqa.selenium.internal.Require$FileStateChecker.isFile(Require.java:342)
	at org.openqa.selenium.remote.service.DriverService.checkExecutable(DriverService.java:147)
	at org.openqa.selenium.remote.service.DriverService.findExecutable(DriverService.java:142)
	at org.openqa.selenium.firefox.GeckoDriverService.access$100(GeckoDriverService.java:45)
	at org.openqa.selenium.firefox.GeckoDriverService$Builder.findDefaultExecutable(GeckoDriverService.java:181)
	at org.openqa.selenium.remote.service.DriverService$Builder.build(DriverService.java:437)
	at org.openqa.selenium.firefox.GeckoDriverService.createDefaultService(GeckoDriverService.java:94)
	at org.openqa.selenium.firefox.FirefoxDriver.&lt;init&gt;(FirefoxDriver.java:98)
	at org.openqa.selenium.firefox.FirefoxDriver.&lt;init&gt;(FirefoxDriver.java:94)
	at com.sauceDemo.TestCasses.TestBaseClass.setUp(TestBaseClass.java:41)
	at java.base/java.util.ArrayList.forEach(ArrayList.java:1511)
... Removed 31 stack frames</div></td></tr></table><p class="totop"><a href="#summary">back to summary</a></p>
<h3 id="m31">com.sauceDemo.TestCasses.TC_002_VerifyLogOutFunctionality#setUp</h3><table class="result"><tr class="param"><th>Parameter #1</th></tr><tr class="param stripe"><td>firefox</td></tr><tr><th>Exception</th></tr><tr><td><div class="stacktrace">java.lang.IllegalStateException: The driver executable must exist: C:\Users\Admin\eclipse-workspace\Basic JavaProgram\SauceDemoProject\.\DriverFolder\geckodriver.exe
	at org.openqa.selenium.internal.Require$FileStateChecker.isFile(Require.java:342)
	at org.openqa.selenium.remote.service.DriverService.checkExecutable(DriverService.java:147)
	at org.openqa.selenium.remote.service.DriverService.findExecutable(DriverService.java:142)
	at org.openqa.selenium.firefox.GeckoDriverService.access$100(GeckoDriverService.java:45)
	at org.openqa.selenium.firefox.GeckoDriverService$Builder.findDefaultExecutable(GeckoDriverService.java:181)
	at org.openqa.selenium.remote.service.DriverService$Builder.build(DriverService.java:437)
	at org.openqa.selenium.firefox.GeckoDriverService.createDefaultService(GeckoDriverService.java:94)
	at org.openqa.selenium.firefox.FirefoxDriver.&lt;init&gt;(FirefoxDriver.java:98)
	at org.openqa.selenium.firefox.FirefoxDriver.&lt;init&gt;(FirefoxDriver.java:94)
	at com.sauceDemo.TestCasses.TestBaseClass.setUp(TestBaseClass.java:41)
	at java.base/java.util.ArrayList.forEach(ArrayList.java:1511)
... Removed 31 stack frames</div></td></tr></table><p class="totop"><a href="#summary">back to summary</a></p>
<h3 id="m32">com.sauceDemo.TestCasses.TC_003_VerifySelectTheProduct#setUp</h3><table class="result"><tr class="param"><th>Parameter #1</th></tr><tr class="param stripe"><td>firefox</td></tr><tr><th>Exception</th></tr><tr><td><div class="stacktrace">java.lang.IllegalStateException: The driver executable must exist: C:\Users\Admin\eclipse-workspace\Basic JavaProgram\SauceDemoProject\.\DriverFolder\geckodriver.exe
	at org.openqa.selenium.internal.Require$FileStateChecker.isFile(Require.java:342)
	at org.openqa.selenium.remote.service.DriverService.checkExecutable(DriverService.java:147)
	at org.openqa.selenium.remote.service.DriverService.findExecutable(DriverService.java:142)
	at org.openqa.selenium.firefox.GeckoDriverService.access$100(GeckoDriverService.java:45)
	at org.openqa.selenium.firefox.GeckoDriverService$Builder.findDefaultExecutable(GeckoDriverService.java:181)
	at org.openqa.selenium.remote.service.DriverService$Builder.build(DriverService.java:437)
	at org.openqa.selenium.firefox.GeckoDriverService.createDefaultService(GeckoDriverService.java:94)
	at org.openqa.selenium.firefox.FirefoxDriver.&lt;init&gt;(FirefoxDriver.java:98)
	at org.openqa.selenium.firefox.FirefoxDriver.&lt;init&gt;(FirefoxDriver.java:94)
	at com.sauceDemo.TestCasses.TestBaseClass.setUp(TestBaseClass.java:41)
	at java.base/java.util.ArrayList.forEach(ArrayList.java:1511)
... Removed 31 stack frames</div></td></tr></table><p class="totop"><a href="#summary">back to summary</a></p>
<h3 id="m33">com.sauceDemo.TestCasses.TC_004_VerifyFilterFunctionality#setUp</h3><table class="result"><tr class="param"><th>Parameter #1</th></tr><tr class="param stripe"><td>firefox</td></tr><tr><th>Exception</th></tr><tr><td><div class="stacktrace">java.lang.IllegalStateException: The driver executable must exist: C:\Users\Admin\eclipse-workspace\Basic JavaProgram\SauceDemoProject\.\DriverFolder\geckodriver.exe
	at org.openqa.selenium.internal.Require$FileStateChecker.isFile(Require.java:342)
	at org.openqa.selenium.remote.service.DriverService.checkExecutable(DriverService.java:147)
	at org.openqa.selenium.remote.service.DriverService.findExecutable(DriverService.java:142)
	at org.openqa.selenium.firefox.GeckoDriverService.access$100(GeckoDriverService.java:45)
	at org.openqa.selenium.firefox.GeckoDriverService$Builder.findDefaultExecutable(GeckoDriverService.java:181)
	at org.openqa.selenium.remote.service.DriverService$Builder.build(DriverService.java:437)
	at org.openqa.selenium.firefox.GeckoDriverService.createDefaultService(GeckoDriverService.java:94)
	at org.openqa.selenium.firefox.FirefoxDriver.&lt;init&gt;(FirefoxDriver.java:98)
	at org.openqa.selenium.firefox.FirefoxDriver.&lt;init&gt;(FirefoxDriver.java:94)
	at com.sauceDemo.TestCasses.TestBaseClass.setUp(TestBaseClass.java:41)
	at java.base/java.util.ArrayList.forEach(ArrayList.java:1511)
... Removed 31 stack frames</div></td></tr></table><p class="totop"><a href="#summary">back to summary</a></p>
<h3 id="m34">com.sauceDemo.TestCasses.TC_005VerifyAboutFunctionality#setUp</h3><table class="result"><tr class="param"><th>Parameter #1</th></tr><tr class="param stripe"><td>firefox</td></tr><tr><th>Exception</th></tr><tr><td><div class="stacktrace">java.lang.IllegalStateException: The driver executable must exist: C:\Users\Admin\eclipse-workspace\Basic JavaProgram\SauceDemoProject\.\DriverFolder\geckodriver.exe
	at org.openqa.selenium.internal.Require$FileStateChecker.isFile(Require.java:342)
	at org.openqa.selenium.remote.service.DriverService.checkExecutable(DriverService.java:147)
	at org.openqa.selenium.remote.service.DriverService.findExecutable(DriverService.java:142)
	at org.openqa.selenium.firefox.GeckoDriverService.access$100(GeckoDriverService.java:45)
	at org.openqa.selenium.firefox.GeckoDriverService$Builder.findDefaultExecutable(GeckoDriverService.java:181)
	at org.openqa.selenium.remote.service.DriverService$Builder.build(DriverService.java:437)
	at org.openqa.selenium.firefox.GeckoDriverService.createDefaultService(GeckoDriverService.java:94)
	at org.openqa.selenium.firefox.FirefoxDriver.&lt;init&gt;(FirefoxDriver.java:98)
	at org.openqa.selenium.firefox.FirefoxDriver.&lt;init&gt;(FirefoxDriver.java:94)
	at com.sauceDemo.TestCasses.TestBaseClass.setUp(TestBaseClass.java:41)
	at java.base/java.util.ArrayList.forEach(ArrayList.java:1511)
... Removed 31 stack frames</div></td></tr></table><p class="totop"><a href="#summary">back to summary</a></p>
<h3 id="m35">com.sauceDemo.TestCasses.TC_006_CheckOutFunctinality#setUp</h3><table class="result"><tr class="param"><th>Parameter #1</th></tr><tr class="param stripe"><td>firefox</td></tr><tr><th>Exception</th></tr><tr><td><div class="stacktrace">java.lang.IllegalStateException: The driver executable must exist: C:\Users\Admin\eclipse-workspace\Basic JavaProgram\SauceDemoProject\.\DriverFolder\geckodriver.exe
	at org.openqa.selenium.internal.Require$FileStateChecker.isFile(Require.java:342)
	at org.openqa.selenium.remote.service.DriverService.checkExecutable(DriverService.java:147)
	at org.openqa.selenium.remote.service.DriverService.findExecutable(DriverService.java:142)
	at org.openqa.selenium.firefox.GeckoDriverService.access$100(GeckoDriverService.java:45)
	at org.openqa.selenium.firefox.GeckoDriverService$Builder.findDefaultExecutable(GeckoDriverService.java:181)
	at org.openqa.selenium.remote.service.DriverService$Builder.build(DriverService.java:437)
	at org.openqa.selenium.firefox.GeckoDriverService.createDefaultService(GeckoDriverService.java:94)
	at org.openqa.selenium.firefox.FirefoxDriver.&lt;init&gt;(FirefoxDriver.java:98)
	at org.openqa.selenium.firefox.FirefoxDriver.&lt;init&gt;(FirefoxDriver.java:94)
	at com.sauceDemo.TestCasses.TestBaseClass.setUp(TestBaseClass.java:41)
	at java.base/java.util.ArrayList.forEach(ArrayList.java:1511)
... Removed 31 stack frames</div></td></tr></table><p class="totop"><a href="#summary">back to summary</a></p>
<h3 id="m36">com.sauceDemo.TestCasses.TC_007_VerifyToBuysingleProduct#setUp</h3><table class="result"><tr class="param"><th>Parameter #1</th></tr><tr class="param stripe"><td>firefox</td></tr><tr><th>Exception</th></tr><tr><td><div class="stacktrace">java.lang.IllegalStateException: The driver executable must exist: C:\Users\Admin\eclipse-workspace\Basic JavaProgram\SauceDemoProject\.\DriverFolder\geckodriver.exe
	at org.openqa.selenium.internal.Require$FileStateChecker.isFile(Require.java:342)
	at org.openqa.selenium.remote.service.DriverService.checkExecutable(DriverService.java:147)
	at org.openqa.selenium.remote.service.DriverService.findExecutable(DriverService.java:142)
	at org.openqa.selenium.firefox.GeckoDriverService.access$100(GeckoDriverService.java:45)
	at org.openqa.selenium.firefox.GeckoDriverService$Builder.findDefaultExecutable(GeckoDriverService.java:181)
	at org.openqa.selenium.remote.service.DriverService$Builder.build(DriverService.java:437)
	at org.openqa.selenium.firefox.GeckoDriverService.createDefaultService(GeckoDriverService.java:94)
	at org.openqa.selenium.firefox.FirefoxDriver.&lt;init&gt;(FirefoxDriver.java:98)
	at org.openqa.selenium.firefox.FirefoxDriver.&lt;init&gt;(FirefoxDriver.java:94)
	at com.sauceDemo.TestCasses.TestBaseClass.setUp(TestBaseClass.java:41)
	at java.base/java.util.ArrayList.forEach(ArrayList.java:1511)
... Removed 30 stack frames</div></td></tr></table><p class="totop"><a href="#summary">back to summary</a></p>
<h3 id="m37">com.sauceDemo.TestCasses.TC_008_VerifyToBayMultipleProduct#setUp</h3><table class="result"><tr class="param"><th>Parameter #1</th></tr><tr class="param stripe"><td>firefox</td></tr><tr><th>Exception</th></tr><tr><td><div class="stacktrace">java.lang.IllegalStateException: The driver executable must exist: C:\Users\Admin\eclipse-workspace\Basic JavaProgram\SauceDemoProject\.\DriverFolder\geckodriver.exe
	at org.openqa.selenium.internal.Require$FileStateChecker.isFile(Require.java:342)
	at org.openqa.selenium.remote.service.DriverService.checkExecutable(DriverService.java:147)
	at org.openqa.selenium.remote.service.DriverService.findExecutable(DriverService.java:142)
	at org.openqa.selenium.firefox.GeckoDriverService.access$100(GeckoDriverService.java:45)
	at org.openqa.selenium.firefox.GeckoDriverService$Builder.findDefaultExecutable(GeckoDriverService.java:181)
	at org.openqa.selenium.remote.service.DriverService$Builder.build(DriverService.java:437)
	at org.openqa.selenium.firefox.GeckoDriverService.createDefaultService(GeckoDriverService.java:94)
	at org.openqa.selenium.firefox.FirefoxDriver.&lt;init&gt;(FirefoxDriver.java:98)
	at org.openqa.selenium.firefox.FirefoxDriver.&lt;init&gt;(FirefoxDriver.java:94)
	at com.sauceDemo.TestCasses.TestBaseClass.setUp(TestBaseClass.java:41)
	at java.base/java.util.ArrayList.forEach(ArrayList.java:1511)
... Removed 30 stack frames</div></td></tr></table><p class="totop"><a href="#summary">back to summary</a></p>
<h3 id="m38">com.sauceDemo.TestCasses.TC_009_VerifyBagPachDetaisPageInfo#setUp</h3><table class="result"><tr class="param"><th>Parameter #1</th></tr><tr class="param stripe"><td>firefox</td></tr><tr><th>Exception</th></tr><tr><td><div class="stacktrace">java.lang.IllegalStateException: The driver executable must exist: C:\Users\Admin\eclipse-workspace\Basic JavaProgram\SauceDemoProject\.\DriverFolder\geckodriver.exe
	at org.openqa.selenium.internal.Require$FileStateChecker.isFile(Require.java:342)
	at org.openqa.selenium.remote.service.DriverService.checkExecutable(DriverService.java:147)
	at org.openqa.selenium.remote.service.DriverService.findExecutable(DriverService.java:142)
	at org.openqa.selenium.firefox.GeckoDriverService.access$100(GeckoDriverService.java:45)
	at org.openqa.selenium.firefox.GeckoDriverService$Builder.findDefaultExecutable(GeckoDriverService.java:181)
	at org.openqa.selenium.remote.service.DriverService$Builder.build(DriverService.java:437)
	at org.openqa.selenium.firefox.GeckoDriverService.createDefaultService(GeckoDriverService.java:94)
	at org.openqa.selenium.firefox.FirefoxDriver.&lt;init&gt;(FirefoxDriver.java:98)
	at org.openqa.selenium.firefox.FirefoxDriver.&lt;init&gt;(FirefoxDriver.java:94)
	at com.sauceDemo.TestCasses.TestBaseClass.setUp(TestBaseClass.java:41)
	at java.base/java.util.ArrayList.forEach(ArrayList.java:1511)
... Removed 30 stack frames</div></td></tr></table><p class="totop"><a href="#summary">back to summary</a></p>
<h3 id="m39">com.sauceDemo.TestCasses.TC_010_VerifythePriceOfBikeLighOnYourCartPage#setUp</h3><table class="result"><tr class="param"><th>Parameter #1</th></tr><tr class="param stripe"><td>firefox</td></tr><tr><th>Exception</th></tr><tr><td><div class="stacktrace">java.lang.IllegalStateException: The driver executable must exist: C:\Users\Admin\eclipse-workspace\Basic JavaProgram\SauceDemoProject\.\DriverFolder\geckodriver.exe
	at org.openqa.selenium.internal.Require$FileStateChecker.isFile(Require.java:342)
	at org.openqa.selenium.remote.service.DriverService.checkExecutable(DriverService.java:147)
	at org.openqa.selenium.remote.service.DriverService.findExecutable(DriverService.java:142)
	at org.openqa.selenium.firefox.GeckoDriverService.access$100(GeckoDriverService.java:45)
	at org.openqa.selenium.firefox.GeckoDriverService$Builder.findDefaultExecutable(GeckoDriverService.java:181)
	at org.openqa.selenium.remote.service.DriverService$Builder.build(DriverService.java:437)
	at org.openqa.selenium.firefox.GeckoDriverService.createDefaultService(GeckoDriverService.java:94)
	at org.openqa.selenium.firefox.FirefoxDriver.&lt;init&gt;(FirefoxDriver.java:98)
	at org.openqa.selenium.firefox.FirefoxDriver.&lt;init&gt;(FirefoxDriver.java:94)
	at com.sauceDemo.TestCasses.TestBaseClass.setUp(TestBaseClass.java:41)
	at java.base/java.util.ArrayList.forEach(ArrayList.java:1511)
... Removed 30 stack frames</div></td></tr></table><p class="totop"><a href="#summary">back to summary</a></p>
<h3 id="m40">com.sauceDemo.TestCasses.TC_001_VerifyLoginFunctionality#tearDown</h3><table class="result"><tr><th class="invisible"/></tr></table><p class="totop"><a href="#summary">back to summary</a></p>
<h3 id="m41">com.sauceDemo.TestCasses.TC_002_VerifyLogOutFunctionality#tearDown</h3><table class="result"><tr><th class="invisible"/></tr></table><p class="totop"><a href="#summary">back to summary</a></p>
<h3 id="m42">com.sauceDemo.TestCasses.TC_003_VerifySelectTheProduct#tearDown</h3><table class="result"><tr><th class="invisible"/></tr></table><p class="totop"><a href="#summary">back to summary</a></p>
<h3 id="m43">com.sauceDemo.TestCasses.TC_004_VerifyFilterFunctionality#tearDown</h3><table class="result"><tr><th class="invisible"/></tr></table><p class="totop"><a href="#summary">back to summary</a></p>
<h3 id="m44">com.sauceDemo.TestCasses.TC_005VerifyAboutFunctionality#tearDown</h3><table class="result"><tr><th class="invisible"/></tr></table><p class="totop"><a href="#summary">back to summary</a></p>
<h3 id="m45">com.sauceDemo.TestCasses.TC_006_CheckOutFunctinality#tearDown</h3><table class="result"><tr><th class="invisible"/></tr></table><p class="totop"><a href="#summary">back to summary</a></p>
<h3 id="m46">com.sauceDemo.TestCasses.TC_007_VerifyToBuysingleProduct#tearDown</h3><table class="result"><tr><th class="invisible"/></tr></table><p class="totop"><a href="#summary">back to summary</a></p>
<h3 id="m47">com.sauceDemo.TestCasses.TC_008_VerifyToBayMultipleProduct#tearDown</h3><table class="result"><tr><th class="invisible"/></tr></table><p class="totop"><a href="#summary">back to summary</a></p>
<h3 id="m48">com.sauceDemo.TestCasses.TC_009_VerifyBagPachDetaisPageInfo#tearDown</h3><table class="result"><tr><th class="invisible"/></tr></table><p class="totop"><a href="#summary">back to summary</a></p>
<h3 id="m49">com.sauceDemo.TestCasses.TC_010_VerifythePriceOfBikeLighOnYourCartPage#tearDown</h3><table class="result"><tr><th class="invisible"/></tr></table><p class="totop"><a href="#summary">back to summary</a></p>
<h3 id="m50">com.sauceDemo.TestCasses.TC_001_VerifyLoginFunctionality#logInFunctionality</h3><table class="result"><tr><th>Exception</th></tr><tr><td><div class="stacktrace">java.lang.IllegalStateException: The driver executable must exist: C:\Users\Admin\eclipse-workspace\Basic JavaProgram\SauceDemoProject\.\DriverFolder\geckodriver.exe
	at org.openqa.selenium.internal.Require$FileStateChecker.isFile(Require.java:342)
	at org.openqa.selenium.remote.service.DriverService.checkExecutable(DriverService.java:147)
	at org.openqa.selenium.remote.service.DriverService.findExecutable(DriverService.java:142)
	at org.openqa.selenium.firefox.GeckoDriverService.access$100(GeckoDriverService.java:45)
	at org.openqa.selenium.firefox.GeckoDriverService$Builder.findDefaultExecutable(GeckoDriverService.java:181)
	at org.openqa.selenium.remote.service.DriverService$Builder.build(DriverService.java:437)
	at org.openqa.selenium.firefox.GeckoDriverService.createDefaultService(GeckoDriverService.java:94)
	at org.openqa.selenium.firefox.FirefoxDriver.&lt;init&gt;(FirefoxDriver.java:98)
	at org.openqa.selenium.firefox.FirefoxDriver.&lt;init&gt;(FirefoxDriver.java:94)
	at com.sauceDemo.TestCasses.TestBaseClass.setUp(TestBaseClass.java:41)
	at java.base/java.util.ArrayList.forEach(ArrayList.java:1511)
... Removed 31 stack frames</div></td></tr></table><p class="totop"><a href="#summary">back to summary</a></p>
<h3 id="m51">com.sauceDemo.TestCasses.TC_002_VerifyLogOutFunctionality#logoutFunctionality</h3><table class="result"><tr><th>Exception</th></tr><tr><td><div class="stacktrace">java.lang.IllegalStateException: The driver executable must exist: C:\Users\Admin\eclipse-workspace\Basic JavaProgram\SauceDemoProject\.\DriverFolder\geckodriver.exe
	at org.openqa.selenium.internal.Require$FileStateChecker.isFile(Require.java:342)
	at org.openqa.selenium.remote.service.DriverService.checkExecutable(DriverService.java:147)
	at org.openqa.selenium.remote.service.DriverService.findExecutable(DriverService.java:142)
	at org.openqa.selenium.firefox.GeckoDriverService.access$100(GeckoDriverService.java:45)
	at org.openqa.selenium.firefox.GeckoDriverService$Builder.findDefaultExecutable(GeckoDriverService.java:181)
	at org.openqa.selenium.remote.service.DriverService$Builder.build(DriverService.java:437)
	at org.openqa.selenium.firefox.GeckoDriverService.createDefaultService(GeckoDriverService.java:94)
	at org.openqa.selenium.firefox.FirefoxDriver.&lt;init&gt;(FirefoxDriver.java:98)
	at org.openqa.selenium.firefox.FirefoxDriver.&lt;init&gt;(FirefoxDriver.java:94)
	at com.sauceDemo.TestCasses.TestBaseClass.setUp(TestBaseClass.java:41)
	at java.base/java.util.ArrayList.forEach(ArrayList.java:1511)
... Removed 31 stack frames</div></td></tr></table><p class="totop"><a href="#summary">back to summary</a></p>
<h3 id="m52">com.sauceDemo.TestCasses.TC_003_VerifySelectTheProduct#addToCartSingleProduct</h3><table class="result"><tr><th>Exception</th></tr><tr><td><div class="stacktrace">java.lang.IllegalStateException: The driver executable must exist: C:\Users\Admin\eclipse-workspace\Basic JavaProgram\SauceDemoProject\.\DriverFolder\geckodriver.exe
	at org.openqa.selenium.internal.Require$FileStateChecker.isFile(Require.java:342)
	at org.openqa.selenium.remote.service.DriverService.checkExecutable(DriverService.java:147)
	at org.openqa.selenium.remote.service.DriverService.findExecutable(DriverService.java:142)
	at org.openqa.selenium.firefox.GeckoDriverService.access$100(GeckoDriverService.java:45)
	at org.openqa.selenium.firefox.GeckoDriverService$Builder.findDefaultExecutable(GeckoDriverService.java:181)
	at org.openqa.selenium.remote.service.DriverService$Builder.build(DriverService.java:437)
	at org.openqa.selenium.firefox.GeckoDriverService.createDefaultService(GeckoDriverService.java:94)
	at org.openqa.selenium.firefox.FirefoxDriver.&lt;init&gt;(FirefoxDriver.java:98)
	at org.openqa.selenium.firefox.FirefoxDriver.&lt;init&gt;(FirefoxDriver.java:94)
	at com.sauceDemo.TestCasses.TestBaseClass.setUp(TestBaseClass.java:41)
	at java.base/java.util.ArrayList.forEach(ArrayList.java:1511)
... Removed 31 stack frames</div></td></tr></table><p class="totop"><a href="#summary">back to summary</a></p>
<h3 id="m53">com.sauceDemo.TestCasses.TC_004_VerifyFilterFunctionality#filterFunctionality</h3><table class="result"><tr><th>Exception</th></tr><tr><td><div class="stacktrace">java.lang.IllegalStateException: The driver executable must exist: C:\Users\Admin\eclipse-workspace\Basic JavaProgram\SauceDemoProject\.\DriverFolder\geckodriver.exe
	at org.openqa.selenium.internal.Require$FileStateChecker.isFile(Require.java:342)
	at org.openqa.selenium.remote.service.DriverService.checkExecutable(DriverService.java:147)
	at org.openqa.selenium.remote.service.DriverService.findExecutable(DriverService.java:142)
	at org.openqa.selenium.firefox.GeckoDriverService.access$100(GeckoDriverService.java:45)
	at org.openqa.selenium.firefox.GeckoDriverService$Builder.findDefaultExecutable(GeckoDriverService.java:181)
	at org.openqa.selenium.remote.service.DriverService$Builder.build(DriverService.java:437)
	at org.openqa.selenium.firefox.GeckoDriverService.createDefaultService(GeckoDriverService.java:94)
	at org.openqa.selenium.firefox.FirefoxDriver.&lt;init&gt;(FirefoxDriver.java:98)
	at org.openqa.selenium.firefox.FirefoxDriver.&lt;init&gt;(FirefoxDriver.java:94)
	at com.sauceDemo.TestCasses.TestBaseClass.setUp(TestBaseClass.java:41)
	at java.base/java.util.ArrayList.forEach(ArrayList.java:1511)
... Removed 31 stack frames</div></td></tr></table><p class="totop"><a href="#summary">back to summary</a></p>
<h3 id="m54">com.sauceDemo.TestCasses.TC_005VerifyAboutFunctionality#aboutFunctionality</h3><table class="result"><tr><th>Exception</th></tr><tr><td><div class="stacktrace">java.lang.IllegalStateException: The driver executable must exist: C:\Users\Admin\eclipse-workspace\Basic JavaProgram\SauceDemoProject\.\DriverFolder\geckodriver.exe
	at org.openqa.selenium.internal.Require$FileStateChecker.isFile(Require.java:342)
	at org.openqa.selenium.remote.service.DriverService.checkExecutable(DriverService.java:147)
	at org.openqa.selenium.remote.service.DriverService.findExecutable(DriverService.java:142)
	at org.openqa.selenium.firefox.GeckoDriverService.access$100(GeckoDriverService.java:45)
	at org.openqa.selenium.firefox.GeckoDriverService$Builder.findDefaultExecutable(GeckoDriverService.java:181)
	at org.openqa.selenium.remote.service.DriverService$Builder.build(DriverService.java:437)
	at org.openqa.selenium.firefox.GeckoDriverService.createDefaultService(GeckoDriverService.java:94)
	at org.openqa.selenium.firefox.FirefoxDriver.&lt;init&gt;(FirefoxDriver.java:98)
	at org.openqa.selenium.firefox.FirefoxDriver.&lt;init&gt;(FirefoxDriver.java:94)
	at com.sauceDemo.TestCasses.TestBaseClass.setUp(TestBaseClass.java:41)
	at java.base/java.util.ArrayList.forEach(ArrayList.java:1511)
... Removed 31 stack frames</div></td></tr></table><p class="totop"><a href="#summary">back to summary</a></p>
<h3 id="m55">com.sauceDemo.TestCasses.TC_006_CheckOutFunctinality#addTocartFunctionality</h3><table class="result"><tr><th>Exception</th></tr><tr><td><div class="stacktrace">java.lang.IllegalStateException: The driver executable must exist: C:\Users\Admin\eclipse-workspace\Basic JavaProgram\SauceDemoProject\.\DriverFolder\geckodriver.exe
	at org.openqa.selenium.internal.Require$FileStateChecker.isFile(Require.java:342)
	at org.openqa.selenium.remote.service.DriverService.checkExecutable(DriverService.java:147)
	at org.openqa.selenium.remote.service.DriverService.findExecutable(DriverService.java:142)
	at org.openqa.selenium.firefox.GeckoDriverService.access$100(GeckoDriverService.java:45)
	at org.openqa.selenium.firefox.GeckoDriverService$Builder.findDefaultExecutable(GeckoDriverService.java:181)
	at org.openqa.selenium.remote.service.DriverService$Builder.build(DriverService.java:437)
	at org.openqa.selenium.firefox.GeckoDriverService.createDefaultService(GeckoDriverService.java:94)
	at org.openqa.selenium.firefox.FirefoxDriver.&lt;init&gt;(FirefoxDriver.java:98)
	at org.openqa.selenium.firefox.FirefoxDriver.&lt;init&gt;(FirefoxDriver.java:94)
	at com.sauceDemo.TestCasses.TestBaseClass.setUp(TestBaseClass.java:41)
	at java.base/java.util.ArrayList.forEach(ArrayList.java:1511)
... Removed 31 stack frames</div></td></tr></table><p class="totop"><a href="#summary">back to summary</a></p>
<h3 id="m56">com.sauceDemo.TestCasses.TC_007_VerifyToBuysingleProduct#singleProductBayFunctionality</h3><table class="result"><tr><th>Exception</th></tr><tr><td><div class="stacktrace">java.lang.IllegalStateException: The driver executable must exist: C:\Users\Admin\eclipse-workspace\Basic JavaProgram\SauceDemoProject\.\DriverFolder\geckodriver.exe
	at org.openqa.selenium.internal.Require$FileStateChecker.isFile(Require.java:342)
	at org.openqa.selenium.remote.service.DriverService.checkExecutable(DriverService.java:147)
	at org.openqa.selenium.remote.service.DriverService.findExecutable(DriverService.java:142)
	at org.openqa.selenium.firefox.GeckoDriverService.access$100(GeckoDriverService.java:45)
	at org.openqa.selenium.firefox.GeckoDriverService$Builder.findDefaultExecutable(GeckoDriverService.java:181)
	at org.openqa.selenium.remote.service.DriverService$Builder.build(DriverService.java:437)
	at org.openqa.selenium.firefox.GeckoDriverService.createDefaultService(GeckoDriverService.java:94)
	at org.openqa.selenium.firefox.FirefoxDriver.&lt;init&gt;(FirefoxDriver.java:98)
	at org.openqa.selenium.firefox.FirefoxDriver.&lt;init&gt;(FirefoxDriver.java:94)
	at com.sauceDemo.TestCasses.TestBaseClass.setUp(TestBaseClass.java:41)
	at java.base/java.util.ArrayList.forEach(ArrayList.java:1511)
... Removed 30 stack frames</div></td></tr></table><p class="totop"><a href="#summary">back to summary</a></p>
<h3 id="m57">com.sauceDemo.TestCasses.TC_008_VerifyToBayMultipleProduct#multipleProductSelect</h3><table class="result"><tr><th>Exception</th></tr><tr><td><div class="stacktrace">java.lang.IllegalStateException: The driver executable must exist: C:\Users\Admin\eclipse-workspace\Basic JavaProgram\SauceDemoProject\.\DriverFolder\geckodriver.exe
	at org.openqa.selenium.internal.Require$FileStateChecker.isFile(Require.java:342)
	at org.openqa.selenium.remote.service.DriverService.checkExecutable(DriverService.java:147)
	at org.openqa.selenium.remote.service.DriverService.findExecutable(DriverService.java:142)
	at org.openqa.selenium.firefox.GeckoDriverService.access$100(GeckoDriverService.java:45)
	at org.openqa.selenium.firefox.GeckoDriverService$Builder.findDefaultExecutable(GeckoDriverService.java:181)
	at org.openqa.selenium.remote.service.DriverService$Builder.build(DriverService.java:437)
	at org.openqa.selenium.firefox.GeckoDriverService.createDefaultService(GeckoDriverService.java:94)
	at org.openqa.selenium.firefox.FirefoxDriver.&lt;init&gt;(FirefoxDriver.java:98)
	at org.openqa.selenium.firefox.FirefoxDriver.&lt;init&gt;(FirefoxDriver.java:94)
	at com.sauceDemo.TestCasses.TestBaseClass.setUp(TestBaseClass.java:41)
	at java.base/java.util.ArrayList.forEach(ArrayList.java:1511)
... Removed 30 stack frames</div></td></tr></table><p class="totop"><a href="#summary">back to summary</a></p>
<h3 id="m58">com.sauceDemo.TestCasses.TC_009_VerifyBagPachDetaisPageInfo#verifyBagProductInfo</h3><table class="result"><tr><th>Exception</th></tr><tr><td><div class="stacktrace">java.lang.IllegalStateException: The driver executable must exist: C:\Users\Admin\eclipse-workspace\Basic JavaProgram\SauceDemoProject\.\DriverFolder\geckodriver.exe
	at org.openqa.selenium.internal.Require$FileStateChecker.isFile(Require.java:342)
	at org.openqa.selenium.remote.service.DriverService.checkExecutable(DriverService.java:147)
	at org.openqa.selenium.remote.service.DriverService.findExecutable(DriverService.java:142)
	at org.openqa.selenium.firefox.GeckoDriverService.access$100(GeckoDriverService.java:45)
	at org.openqa.selenium.firefox.GeckoDriverService$Builder.findDefaultExecutable(GeckoDriverService.java:181)
	at org.openqa.selenium.remote.service.DriverService$Builder.build(DriverService.java:437)
	at org.openqa.selenium.firefox.GeckoDriverService.createDefaultService(GeckoDriverService.java:94)
	at org.openqa.selenium.firefox.FirefoxDriver.&lt;init&gt;(FirefoxDriver.java:98)
	at org.openqa.selenium.firefox.FirefoxDriver.&lt;init&gt;(FirefoxDriver.java:94)
	at com.sauceDemo.TestCasses.TestBaseClass.setUp(TestBaseClass.java:41)
	at java.base/java.util.ArrayList.forEach(ArrayList.java:1511)
... Removed 30 stack frames</div></td></tr></table><p class="totop"><a href="#summary">back to summary</a></p>
<h3 id="m59">com.sauceDemo.TestCasses.TC_010_VerifythePriceOfBikeLighOnYourCartPage#verifyPriceOfBikeLightOnYourCartPage</h3><table class="result"><tr><th>Exception</th></tr><tr><td><div class="stacktrace">java.lang.IllegalStateException: The driver executable must exist: C:\Users\Admin\eclipse-workspace\Basic JavaProgram\SauceDemoProject\.\DriverFolder\geckodriver.exe
	at org.openqa.selenium.internal.Require$FileStateChecker.isFile(Require.java:342)
	at org.openqa.selenium.remote.service.DriverService.checkExecutable(DriverService.java:147)
	at org.openqa.selenium.remote.service.DriverService.findExecutable(DriverService.java:142)
	at org.openqa.selenium.firefox.GeckoDriverService.access$100(GeckoDriverService.java:45)
	at org.openqa.selenium.firefox.GeckoDriverService$Builder.findDefaultExecutable(GeckoDriverService.java:181)
	at org.openqa.selenium.remote.service.DriverService$Builder.build(DriverService.java:437)
	at org.openqa.selenium.firefox.GeckoDriverService.createDefaultService(GeckoDriverService.java:94)
	at org.openqa.selenium.firefox.FirefoxDriver.&lt;init&gt;(FirefoxDriver.java:98)
	at org.openqa.selenium.firefox.FirefoxDriver.&lt;init&gt;(FirefoxDriver.java:94)
	at com.sauceDemo.TestCasses.TestBaseClass.setUp(TestBaseClass.java:41)
	at java.base/java.util.ArrayList.forEach(ArrayList.java:1511)
... Removed 30 stack frames</div></td></tr></table><p class="totop"><a href="#summary">back to summary</a></p>
</body>
</html>
